2021-01-23 10:29:01.911  INFO 2456 --- [main] c.h.a.A.AirportPilotServiceApplication   : Starting AirportPilotServiceApplication using Java 1.8.0_271 on DESKTOP-GV7K8NV with PID 2456 (C:\Users\Hi\Desktop\HCL\online_training_HCL\Mode2\SpringBootDemos\AirportPilotService\target\classes started by Hi in C:\Users\Hi\Desktop\HCL\online_training_HCL\Mode2\SpringBootDemos\AirportPilotService)
2021-01-23 10:29:01.949  INFO 2456 --- [main] c.h.a.A.AirportPilotServiceApplication   : No active profile set, falling back to default profiles: default
2021-01-23 10:29:05.945  INFO 2456 --- [main] .s.d.r.c.RepositoryConfigurationDelegate : Bootstrapping Spring Data JPA repositories in DEFAULT mode.
2021-01-23 10:29:06.800  INFO 2456 --- [main] .s.d.r.c.RepositoryConfigurationDelegate : Finished Spring Data repository scanning in 342 ms. Found 1 JPA repository interfaces.
2021-01-23 10:29:08.582  INFO 2456 --- [main] o.s.b.w.embedded.tomcat.TomcatWebServer  : Tomcat initialized with port(s): 7071 (http)
2021-01-23 10:29:08.602  INFO 2456 --- [main] o.apache.catalina.core.StandardService   : Starting service [Tomcat]
2021-01-23 10:29:08.603  INFO 2456 --- [main] org.apache.catalina.core.StandardEngine  : Starting Servlet engine: [Apache Tomcat/9.0.41]
2021-01-23 10:29:08.607  INFO 2456 --- [main] o.a.catalina.core.AprLifecycleListener   : Loaded Apache Tomcat Native library [1.2.23] using APR version [1.7.0].
2021-01-23 10:29:08.607  INFO 2456 --- [main] o.a.catalina.core.AprLifecycleListener   : APR capabilities: IPv6 [true], sendfile [true], accept filters [false], random [true].
2021-01-23 10:29:08.608  INFO 2456 --- [main] o.a.catalina.core.AprLifecycleListener   : APR/OpenSSL configuration: useAprConnector [false], useOpenSSL [true]
2021-01-23 10:29:08.616  INFO 2456 --- [main] o.a.catalina.core.AprLifecycleListener   : OpenSSL successfully initialized [OpenSSL 1.1.1c  28 May 2019]
2021-01-23 10:29:08.816  INFO 2456 --- [main] o.a.c.c.C.[Tomcat].[localhost].[/]       : Initializing Spring embedded WebApplicationContext
2021-01-23 10:29:08.817  INFO 2456 --- [main] w.s.c.ServletWebServerApplicationContext : Root WebApplicationContext: initialization completed in 6739 ms
2021-01-23 10:29:09.251  INFO 2456 --- [main] o.hibernate.jpa.internal.util.LogHelper  : HHH000204: Processing PersistenceUnitInfo [name: default]
2021-01-23 10:29:09.344  INFO 2456 --- [main] org.hibernate.Version                    : HHH000412: Hibernate ORM core version 5.4.27.Final
2021-01-23 10:29:09.853  INFO 2456 --- [main] o.hibernate.annotations.common.Version   : HCANN000001: Hibernate Commons Annotations {5.1.2.Final}
2021-01-23 10:29:10.108  INFO 2456 --- [main] com.zaxxer.hikari.HikariDataSource       : HikariPool-1 - Starting...
2021-01-23 10:29:10.566  INFO 2456 --- [main] com.zaxxer.hikari.HikariDataSource       : HikariPool-1 - Start completed.
2021-01-23 10:29:10.604  INFO 2456 --- [main] org.hibernate.dialect.Dialect            : HHH000400: Using dialect: org.hibernate.dialect.MySQL5Dialect
2021-01-23 10:29:12.240  INFO 2456 --- [main] o.h.e.t.j.p.i.JtaPlatformInitiator       : HHH000490: Using JtaPlatform implementation: [org.hibernate.engine.transaction.jta.platform.internal.NoJtaPlatform]
2021-01-23 10:29:12.269  INFO 2456 --- [main] j.LocalContainerEntityManagerFactoryBean : Initialized JPA EntityManagerFactory for persistence unit 'default'
2021-01-23 10:29:13.301  WARN 2456 --- [main] JpaBaseConfiguration$JpaWebConfiguration : spring.jpa.open-in-view is enabled by default. Therefore, database queries may be performed during view rendering. Explicitly configure spring.jpa.open-in-view to disable this warning
2021-01-23 10:29:13.601  INFO 2456 --- [main] o.s.s.concurrent.ThreadPoolTaskExecutor  : Initializing ExecutorService 'applicationTaskExecutor'
2021-01-23 10:29:14.354  INFO 2456 --- [main] o.s.b.w.embedded.tomcat.TomcatWebServer  : Tomcat started on port(s): 7071 (http) with context path ''
2021-01-23 10:29:14.375  INFO 2456 --- [main] c.h.a.A.AirportPilotServiceApplication   : Started AirportPilotServiceApplication in 14.288 seconds (JVM running for 16.547)
2021-01-23 19:36:44.112  INFO 12340 --- [main] c.h.a.A.AirportPilotServiceApplication   : Starting AirportPilotServiceApplication using Java 1.8.0_271 on DESKTOP-GV7K8NV with PID 12340 (C:\Users\Hi\Desktop\HCL\online_training_HCL\Mode2\SpringBootDemos\AirportPilotService\target\classes started by Hi in C:\Users\Hi\Desktop\HCL\online_training_HCL\Mode2\SpringBootDemos\AirportPilotService)
2021-01-23 19:36:44.289  INFO 12340 --- [main] c.h.a.A.AirportPilotServiceApplication   : No active profile set, falling back to default profiles: default
2021-01-23 19:36:48.153  INFO 12340 --- [main] .s.d.r.c.RepositoryConfigurationDelegate : Bootstrapping Spring Data JPA repositories in DEFAULT mode.
2021-01-23 19:36:48.658  INFO 12340 --- [main] .s.d.r.c.RepositoryConfigurationDelegate : Finished Spring Data repository scanning in 263 ms. Found 1 JPA repository interfaces.
2021-01-23 19:36:59.545  INFO 12340 --- [main] o.s.b.w.embedded.tomcat.TomcatWebServer  : Tomcat initialized with port(s): 7071 (http)
2021-01-23 19:36:59.561  INFO 12340 --- [main] o.apache.catalina.core.StandardService   : Starting service [Tomcat]
2021-01-23 19:36:59.561  INFO 12340 --- [main] org.apache.catalina.core.StandardEngine  : Starting Servlet engine: [Apache Tomcat/9.0.41]
2021-01-23 19:36:59.563  INFO 12340 --- [main] o.a.catalina.core.AprLifecycleListener   : Loaded Apache Tomcat Native library [1.2.23] using APR version [1.7.0].
2021-01-23 19:36:59.564  INFO 12340 --- [main] o.a.catalina.core.AprLifecycleListener   : APR capabilities: IPv6 [true], sendfile [true], accept filters [false], random [true].
2021-01-23 19:36:59.564  INFO 12340 --- [main] o.a.catalina.core.AprLifecycleListener   : APR/OpenSSL configuration: useAprConnector [false], useOpenSSL [true]
2021-01-23 19:36:59.570  INFO 12340 --- [main] o.a.catalina.core.AprLifecycleListener   : OpenSSL successfully initialized [OpenSSL 1.1.1c  28 May 2019]
2021-01-23 19:37:00.828  INFO 12340 --- [main] o.a.c.c.C.[Tomcat].[localhost].[/]       : Initializing Spring embedded WebApplicationContext
2021-01-23 19:37:00.828  INFO 12340 --- [main] w.s.c.ServletWebServerApplicationContext : Root WebApplicationContext: initialization completed in 16217 ms
2021-01-23 19:37:05.071  INFO 12340 --- [main] o.hibernate.jpa.internal.util.LogHelper  : HHH000204: Processing PersistenceUnitInfo [name: default]
2021-01-23 19:37:05.235  INFO 12340 --- [main] org.hibernate.Version                    : HHH000412: Hibernate ORM core version 5.4.27.Final
2021-01-23 19:37:05.626  INFO 12340 --- [main] o.hibernate.annotations.common.Version   : HCANN000001: Hibernate Commons Annotations {5.1.2.Final}
2021-01-23 19:37:06.030  INFO 12340 --- [main] com.zaxxer.hikari.HikariDataSource       : HikariPool-1 - Starting...
2021-01-23 19:37:06.649  INFO 12340 --- [main] com.zaxxer.hikari.HikariDataSource       : HikariPool-1 - Start completed.
2021-01-23 19:37:06.691  INFO 12340 --- [main] org.hibernate.dialect.Dialect            : HHH000400: Using dialect: org.hibernate.dialect.MySQL5Dialect
2021-01-23 19:37:08.585  INFO 12340 --- [main] o.h.e.t.j.p.i.JtaPlatformInitiator       : HHH000490: Using JtaPlatform implementation: [org.hibernate.engine.transaction.jta.platform.internal.NoJtaPlatform]
2021-01-23 19:37:08.601  INFO 12340 --- [main] j.LocalContainerEntityManagerFactoryBean : Initialized JPA EntityManagerFactory for persistence unit 'default'
2021-01-23 19:37:11.162  WARN 12340 --- [main] JpaBaseConfiguration$JpaWebConfiguration : spring.jpa.open-in-view is enabled by default. Therefore, database queries may be performed during view rendering. Explicitly configure spring.jpa.open-in-view to disable this warning
2021-01-23 19:37:11.710  INFO 12340 --- [main] o.s.s.concurrent.ThreadPoolTaskExecutor  : Initializing ExecutorService 'applicationTaskExecutor'
2021-01-23 19:37:13.093  INFO 12340 --- [main] o.s.b.w.embedded.tomcat.TomcatWebServer  : Tomcat started on port(s): 7071 (http) with context path ''
2021-01-23 19:37:13.198  INFO 12340 --- [main] c.h.a.A.AirportPilotServiceApplication   : Started AirportPilotServiceApplication in 31.737 seconds (JVM running for 33.338)
2021-01-23 19:41:29.378  INFO 12340 --- [http-nio-7071-exec-1] o.a.c.c.C.[Tomcat].[localhost].[/]       : Initializing Spring DispatcherServlet 'dispatcherServlet'
2021-01-23 19:41:29.379  INFO 12340 --- [http-nio-7071-exec-1] o.s.web.servlet.DispatcherServlet        : Initializing Servlet 'dispatcherServlet'
2021-01-23 19:41:29.380  INFO 12340 --- [http-nio-7071-exec-1] o.s.web.servlet.DispatcherServlet        : Completed initialization in 1 ms
2021-01-23 19:41:29.433  INFO 12340 --- [http-nio-7071-exec-1] c.h.a.A.controller.AddPilotController    : Entered in to getFreePilotDetails() method of AddPilotController class
2021-01-23 19:41:29.433  INFO 12340 --- [http-nio-7071-exec-1] c.h.a.A.service.AddPilotServiceImpl      : Entered in to getFreePilotDetails method of AddPilotServiceImpl class
2021-01-23 19:41:29.688  INFO 12340 --- [http-nio-7071-exec-1] c.h.a.A.controller.AddPilotController    : There is atleast one pilot entity in the database to show
2021-01-23 19:42:35.672  INFO 12340 --- [http-nio-7071-exec-2] c.h.a.A.controller.AddPilotController    : Entered in to getFreePilotDetails() method of AddPilotController class
2021-01-23 19:42:35.675  INFO 12340 --- [http-nio-7071-exec-2] c.h.a.A.service.AddPilotServiceImpl      : Entered in to getFreePilotDetails method of AddPilotServiceImpl class
2021-01-23 19:42:35.680  INFO 12340 --- [http-nio-7071-exec-2] c.h.a.A.controller.AddPilotController    : There is atleast one pilot entity in the database to show
2021-01-23 19:43:15.213  INFO 12340 --- [http-nio-7071-exec-3] c.h.a.A.controller.AddPilotController    : Entered in to getFreePilotDetails() method of AddPilotController class
2021-01-23 19:43:15.214  INFO 12340 --- [http-nio-7071-exec-3] c.h.a.A.service.AddPilotServiceImpl      : Entered in to getFreePilotDetails method of AddPilotServiceImpl class
2021-01-23 19:43:15.220  INFO 12340 --- [http-nio-7071-exec-3] c.h.a.A.controller.AddPilotController    : There is atleast one pilot entity in the database to show
2021-01-23 19:43:27.526  INFO 12340 --- [http-nio-7071-exec-4] c.h.a.A.controller.AddPilotController    : Entered in to getFreePilotDetails() method of AddPilotController class
2021-01-23 19:43:27.527  INFO 12340 --- [http-nio-7071-exec-4] c.h.a.A.service.AddPilotServiceImpl      : Entered in to getFreePilotDetails method of AddPilotServiceImpl class
2021-01-23 19:43:27.532  INFO 12340 --- [http-nio-7071-exec-4] c.h.a.A.controller.AddPilotController    : There is atleast one pilot entity in the database to show
2021-01-23 19:44:27.487  INFO 12340 --- [http-nio-7071-exec-5] c.h.a.A.controller.AddPilotController    : Entered in to getFreePilotDetails() method of AddPilotController class
2021-01-23 19:44:27.488  INFO 12340 --- [http-nio-7071-exec-5] c.h.a.A.service.AddPilotServiceImpl      : Entered in to getFreePilotDetails method of AddPilotServiceImpl class
2021-01-23 19:44:27.492  INFO 12340 --- [http-nio-7071-exec-5] c.h.a.A.controller.AddPilotController    : There is atleast one pilot entity in the database to show
2021-01-23 19:46:53.163  INFO 12340 --- [http-nio-7071-exec-7] c.h.a.A.controller.AddPilotController    : Entered in to getFreePilotDetails() method of AddPilotController class
2021-01-23 19:46:53.164  INFO 12340 --- [http-nio-7071-exec-7] c.h.a.A.service.AddPilotServiceImpl      : Entered in to getFreePilotDetails method of AddPilotServiceImpl class
2021-01-23 19:46:53.170  INFO 12340 --- [http-nio-7071-exec-7] c.h.a.A.controller.AddPilotController    : There is atleast one pilot entity in the database to show
2021-01-23 19:56:48.876  INFO 12340 --- [http-nio-7071-exec-9] c.h.a.A.controller.AddPilotController    : Entered in to getFreePilotDetails() method of AddPilotController class
2021-01-23 19:56:48.876  INFO 12340 --- [http-nio-7071-exec-9] c.h.a.A.service.AddPilotServiceImpl      : Entered in to getFreePilotDetails method of AddPilotServiceImpl class
2021-01-23 19:56:48.880  INFO 12340 --- [http-nio-7071-exec-9] c.h.a.A.controller.AddPilotController    : There is atleast one pilot entity in the database to show
2021-01-23 20:21:34.355  INFO 12340 --- [http-nio-7071-exec-1] c.h.a.A.controller.AddPilotController    : Entered in to getFreePilotDetails() method of AddPilotController class
2021-01-23 20:21:34.404  INFO 12340 --- [http-nio-7071-exec-1] c.h.a.A.service.AddPilotServiceImpl      : Entered in to getFreePilotDetails method of AddPilotServiceImpl class
2021-01-23 20:21:34.475  INFO 12340 --- [http-nio-7071-exec-1] c.h.a.A.controller.AddPilotController    : There is atleast one pilot entity in the database to show
2021-01-23 20:27:57.761  INFO 12340 --- [http-nio-7071-exec-2] c.h.a.A.controller.AddPilotController    : Entered in to getFreePilotDetails() method of AddPilotController class
2021-01-23 20:27:57.762  INFO 12340 --- [http-nio-7071-exec-2] c.h.a.A.service.AddPilotServiceImpl      : Entered in to getFreePilotDetails method of AddPilotServiceImpl class
2021-01-23 20:27:57.767  INFO 12340 --- [http-nio-7071-exec-2] c.h.a.A.controller.AddPilotController    : There is atleast one pilot entity in the database to show
2021-01-23 20:29:16.473  INFO 12340 --- [http-nio-7071-exec-4] c.h.a.A.controller.AddPilotController    : Entered in to getFreePilotDetails() method of AddPilotController class
2021-01-23 20:29:16.473  INFO 12340 --- [http-nio-7071-exec-4] c.h.a.A.service.AddPilotServiceImpl      : Entered in to getFreePilotDetails method of AddPilotServiceImpl class
2021-01-23 20:29:16.476  INFO 12340 --- [http-nio-7071-exec-4] c.h.a.A.controller.AddPilotController    : There is atleast one pilot entity in the database to show
2021-01-23 20:29:27.720  INFO 12340 --- [http-nio-7071-exec-5] c.h.a.A.controller.AddPilotController    : Entered in to getFreePilotDetails() method of AddPilotController class
2021-01-23 20:29:27.721  INFO 12340 --- [http-nio-7071-exec-5] c.h.a.A.service.AddPilotServiceImpl      : Entered in to getFreePilotDetails method of AddPilotServiceImpl class
2021-01-23 20:29:27.724  INFO 12340 --- [http-nio-7071-exec-5] c.h.a.A.controller.AddPilotController    : There is atleast one pilot entity in the database to show
2021-01-23 20:29:29.153  INFO 12340 --- [http-nio-7071-exec-6] c.h.a.A.controller.AddPilotController    : Entered in to getFreePilotDetails() method of AddPilotController class
2021-01-23 20:29:29.153  INFO 12340 --- [http-nio-7071-exec-6] c.h.a.A.service.AddPilotServiceImpl      : Entered in to getFreePilotDetails method of AddPilotServiceImpl class
2021-01-23 20:29:29.186  INFO 12340 --- [http-nio-7071-exec-6] c.h.a.A.controller.AddPilotController    : There is atleast one pilot entity in the database to show
2021-01-23 20:29:32.617  INFO 12340 --- [http-nio-7071-exec-7] c.h.a.A.controller.AddPilotController    : Entered in to getFreePilotDetails() method of AddPilotController class
2021-01-23 20:29:32.618  INFO 12340 --- [http-nio-7071-exec-7] c.h.a.A.service.AddPilotServiceImpl      : Entered in to getFreePilotDetails method of AddPilotServiceImpl class
2021-01-23 20:29:32.621  INFO 12340 --- [http-nio-7071-exec-7] c.h.a.A.controller.AddPilotController    : There is atleast one pilot entity in the database to show
2021-01-23 20:29:44.868  INFO 12340 --- [http-nio-7071-exec-8] c.h.a.A.controller.AddPilotController    : Entered in to getFreePilotDetails() method of AddPilotController class
2021-01-23 20:29:44.868  INFO 12340 --- [http-nio-7071-exec-8] c.h.a.A.service.AddPilotServiceImpl      : Entered in to getFreePilotDetails method of AddPilotServiceImpl class
2021-01-23 20:29:44.913  INFO 12340 --- [http-nio-7071-exec-8] c.h.a.A.controller.AddPilotController    : There is atleast one pilot entity in the database to show
2021-01-23 20:30:17.040  INFO 12340 --- [http-nio-7071-exec-9] c.h.a.A.controller.AddPilotController    : Entered in to getFreePilotDetails() method of AddPilotController class
2021-01-23 20:30:17.040  INFO 12340 --- [http-nio-7071-exec-9] c.h.a.A.service.AddPilotServiceImpl      : Entered in to getFreePilotDetails method of AddPilotServiceImpl class
2021-01-23 20:30:17.124  INFO 12340 --- [http-nio-7071-exec-9] c.h.a.A.controller.AddPilotController    : There is atleast one pilot entity in the database to show
2021-01-23 20:31:39.309  INFO 12340 --- [http-nio-7071-exec-10] c.h.a.A.controller.AddPilotController    : Entered in to getFreePilotDetails() method of AddPilotController class
2021-01-23 20:31:39.310  INFO 12340 --- [http-nio-7071-exec-10] c.h.a.A.service.AddPilotServiceImpl      : Entered in to getFreePilotDetails method of AddPilotServiceImpl class
2021-01-23 20:31:39.342  INFO 12340 --- [http-nio-7071-exec-10] c.h.a.A.controller.AddPilotController    : There is atleast one pilot entity in the database to show
2021-01-23 20:31:40.646  INFO 12340 --- [http-nio-7071-exec-1] c.h.a.A.controller.AddPilotController    : Entered in to getFreePilotDetails() method of AddPilotController class
2021-01-23 20:31:40.646  INFO 12340 --- [http-nio-7071-exec-1] c.h.a.A.service.AddPilotServiceImpl      : Entered in to getFreePilotDetails method of AddPilotServiceImpl class
2021-01-23 20:31:40.649  INFO 12340 --- [http-nio-7071-exec-1] c.h.a.A.controller.AddPilotController    : There is atleast one pilot entity in the database to show
2021-01-23 20:31:43.666  INFO 12340 --- [http-nio-7071-exec-2] c.h.a.A.controller.AddPilotController    : Entered in to getFreePilotDetails() method of AddPilotController class
2021-01-23 20:31:43.669  INFO 12340 --- [http-nio-7071-exec-2] c.h.a.A.service.AddPilotServiceImpl      : Entered in to getFreePilotDetails method of AddPilotServiceImpl class
2021-01-23 20:31:43.777  INFO 12340 --- [http-nio-7071-exec-2] c.h.a.A.controller.AddPilotController    : There is atleast one pilot entity in the database to show
2021-01-23 20:31:45.655  INFO 12340 --- [http-nio-7071-exec-3] c.h.a.A.controller.AddPilotController    : Entered in to getFreePilotDetails() method of AddPilotController class
2021-01-23 20:31:45.656  INFO 12340 --- [http-nio-7071-exec-3] c.h.a.A.service.AddPilotServiceImpl      : Entered in to getFreePilotDetails method of AddPilotServiceImpl class
2021-01-23 20:31:45.663  INFO 12340 --- [http-nio-7071-exec-3] c.h.a.A.controller.AddPilotController    : There is atleast one pilot entity in the database to show
2021-01-23 20:31:48.977  INFO 12340 --- [http-nio-7071-exec-4] c.h.a.A.controller.AddPilotController    : Entered in to getFreePilotDetails() method of AddPilotController class
2021-01-23 20:31:48.978  INFO 12340 --- [http-nio-7071-exec-4] c.h.a.A.service.AddPilotServiceImpl      : Entered in to getFreePilotDetails method of AddPilotServiceImpl class
2021-01-23 20:31:48.983  INFO 12340 --- [http-nio-7071-exec-4] c.h.a.A.controller.AddPilotController    : There is atleast one pilot entity in the database to show
