2021-01-23 10:28:40.655  INFO 14772 --- [main] c.h.a.A.AirportManagerServiceApplication : Starting AirportManagerServiceApplication using Java 1.8.0_271 on DESKTOP-GV7K8NV with PID 14772 (C:\Users\Hi\Desktop\HCL\online_training_HCL\Mode2\SpringBootDemos\AirportManagerService\target\classes started by Hi in C:\Users\Hi\Desktop\HCL\online_training_HCL\Mode2\SpringBootDemos\AirportManagerService)
2021-01-23 10:28:40.668  INFO 14772 --- [main] c.h.a.A.AirportManagerServiceApplication : No active profile set, falling back to default profiles: default
2021-01-23 10:28:43.475  INFO 14772 --- [main] .s.d.r.c.RepositoryConfigurationDelegate : Bootstrapping Spring Data JPA repositories in DEFAULT mode.
2021-01-23 10:28:43.800  INFO 14772 --- [main] .s.d.r.c.RepositoryConfigurationDelegate : Finished Spring Data repository scanning in 253 ms. Found 1 JPA repository interfaces.
2021-01-23 10:28:48.219  INFO 14772 --- [main] o.s.b.w.embedded.tomcat.TomcatWebServer  : Tomcat initialized with port(s): 7073 (http)
2021-01-23 10:28:48.258  INFO 14772 --- [main] o.apache.catalina.core.StandardService   : Starting service [Tomcat]
2021-01-23 10:28:48.259  INFO 14772 --- [main] org.apache.catalina.core.StandardEngine  : Starting Servlet engine: [Apache Tomcat/9.0.41]
2021-01-23 10:28:48.264  INFO 14772 --- [main] o.a.catalina.core.AprLifecycleListener   : Loaded Apache Tomcat Native library [1.2.23] using APR version [1.7.0].
2021-01-23 10:28:48.265  INFO 14772 --- [main] o.a.catalina.core.AprLifecycleListener   : APR capabilities: IPv6 [true], sendfile [true], accept filters [false], random [true].
2021-01-23 10:28:48.266  INFO 14772 --- [main] o.a.catalina.core.AprLifecycleListener   : APR/OpenSSL configuration: useAprConnector [false], useOpenSSL [true]
2021-01-23 10:28:48.273  INFO 14772 --- [main] o.a.catalina.core.AprLifecycleListener   : OpenSSL successfully initialized [OpenSSL 1.1.1c  28 May 2019]
2021-01-23 10:28:48.590  INFO 14772 --- [main] o.a.c.c.C.[Tomcat].[localhost].[/]       : Initializing Spring embedded WebApplicationContext
2021-01-23 10:28:48.591  INFO 14772 --- [main] w.s.c.ServletWebServerApplicationContext : Root WebApplicationContext: initialization completed in 7704 ms
2021-01-23 10:28:49.295  INFO 14772 --- [main] o.hibernate.jpa.internal.util.LogHelper  : HHH000204: Processing PersistenceUnitInfo [name: default]
2021-01-23 10:28:49.482  INFO 14772 --- [main] org.hibernate.Version                    : HHH000412: Hibernate ORM core version 5.4.27.Final
2021-01-23 10:28:49.830  INFO 14772 --- [main] o.hibernate.annotations.common.Version   : HCANN000001: Hibernate Commons Annotations {5.1.2.Final}
2021-01-23 10:28:50.240  INFO 14772 --- [main] com.zaxxer.hikari.HikariDataSource       : HikariPool-1 - Starting...
2021-01-23 10:28:50.862  INFO 14772 --- [main] com.zaxxer.hikari.HikariDataSource       : HikariPool-1 - Start completed.
2021-01-23 10:28:50.899  INFO 14772 --- [main] org.hibernate.dialect.Dialect            : HHH000400: Using dialect: org.hibernate.dialect.MySQL5Dialect
2021-01-23 10:28:54.460  INFO 14772 --- [main] o.h.e.t.j.p.i.JtaPlatformInitiator       : HHH000490: Using JtaPlatform implementation: [org.hibernate.engine.transaction.jta.platform.internal.NoJtaPlatform]
2021-01-23 10:28:54.478  INFO 14772 --- [main] j.LocalContainerEntityManagerFactoryBean : Initialized JPA EntityManagerFactory for persistence unit 'default'
2021-01-23 10:28:56.876  WARN 14772 --- [main] JpaBaseConfiguration$JpaWebConfiguration : spring.jpa.open-in-view is enabled by default. Therefore, database queries may be performed during view rendering. Explicitly configure spring.jpa.open-in-view to disable this warning
2021-01-23 10:28:57.402  INFO 14772 --- [main] o.s.s.concurrent.ThreadPoolTaskExecutor  : Initializing ExecutorService 'applicationTaskExecutor'
2021-01-23 10:28:58.271  INFO 14772 --- [main] o.s.b.w.embedded.tomcat.TomcatWebServer  : Tomcat started on port(s): 7073 (http) with context path ''
2021-01-23 10:28:58.315  INFO 14772 --- [main] c.h.a.A.AirportManagerServiceApplication : Started AirportManagerServiceApplication in 18.666 seconds (JVM running for 20.334)
2021-01-23 10:29:51.211  INFO 14772 --- [http-nio-7073-exec-1] o.a.c.c.C.[Tomcat].[localhost].[/]       : Initializing Spring DispatcherServlet 'dispatcherServlet'
2021-01-23 10:29:51.212  INFO 14772 --- [http-nio-7073-exec-1] o.s.web.servlet.DispatcherServlet        : Initializing Servlet 'dispatcherServlet'
2021-01-23 10:29:51.216  INFO 14772 --- [http-nio-7073-exec-1] o.s.web.servlet.DispatcherServlet        : Completed initialization in 3 ms
2021-01-23 10:29:51.528  INFO 14772 --- [http-nio-7073-exec-1] c.h.a.A.controller.ManagerController     : Entered into addManagerDetails() method of ManageController class
2021-01-23 10:29:51.530  INFO 14772 --- [http-nio-7073-exec-1] c.h.a.A.service.ManagerServiceImpl       : Entered in to addManagerDetails() method ManageServiceImpl
2021-01-23 10:30:05.659  INFO 14772 --- [http-nio-7073-exec-2] c.h.a.A.controller.ManagerController     : Entered into getAllManagerDetails() method of ManageController class
2021-01-23 10:30:05.660  INFO 14772 --- [http-nio-7073-exec-2] c.h.a.A.service.ManagerServiceImpl       : Entered in to getAllManagerDetails() method ManageServiceImpl
2021-01-23 10:30:05.691  INFO 14772 --- [http-nio-7073-exec-2] c.h.a.A.controller.ManagerController     : There is atleast one manager entity in the database
2021-01-23 10:30:05.691  INFO 14772 --- [http-nio-7073-exec-2] c.h.a.A.service.ManagerServiceImpl       : Entered in to getAllManagerDetails() method ManageServiceImpl
2021-01-23 10:30:21.329  INFO 14772 --- [http-nio-7073-exec-3] c.h.a.A.controller.ManagerController     : Entered into getAllManagerDetails() method of ManageController class
2021-01-23 10:30:21.333  INFO 14772 --- [http-nio-7073-exec-3] c.h.a.A.service.ManagerServiceImpl       : Entered in to getAllManagerDetails() method ManageServiceImpl
2021-01-23 10:30:21.342  INFO 14772 --- [http-nio-7073-exec-3] c.h.a.A.controller.ManagerController     : There is atleast one manager entity in the database
2021-01-23 10:30:21.342  INFO 14772 --- [http-nio-7073-exec-3] c.h.a.A.service.ManagerServiceImpl       : Entered in to getAllManagerDetails() method ManageServiceImpl
2021-01-23 10:30:21.343  INFO 14772 --- [http-nio-7073-exec-4] c.h.a.A.controller.ManagerController     : Entered in to approveManager() method of ManageController class
2021-01-23 10:30:21.344  INFO 14772 --- [http-nio-7073-exec-4] c.h.a.A.service.ManagerServiceImpl       : Entered in to approveManager method of ManagerServiceImpl class
2021-01-23 10:30:35.085  INFO 14772 --- [http-nio-7073-exec-5] c.h.a.A.controller.ManagerController     : Entered into getAllManagerDetails() method of ManageController class
2021-01-23 10:30:35.085  INFO 14772 --- [http-nio-7073-exec-5] c.h.a.A.service.ManagerServiceImpl       : Entered in to getAllManagerDetails() method ManageServiceImpl
2021-01-23 10:30:35.090  INFO 14772 --- [http-nio-7073-exec-5] c.h.a.A.controller.ManagerController     : There is atleast one manager entity in the database
2021-01-23 10:30:35.091  INFO 14772 --- [http-nio-7073-exec-5] c.h.a.A.service.ManagerServiceImpl       : Entered in to getAllManagerDetails() method ManageServiceImpl
2021-01-23 10:32:29.624  INFO 14772 --- [http-nio-7073-exec-7] c.h.a.A.controller.ManagerController     : Entered into getAllManagerDetails() method of ManageController class
2021-01-23 10:32:29.624  INFO 14772 --- [http-nio-7073-exec-7] c.h.a.A.service.ManagerServiceImpl       : Entered in to getAllManagerDetails() method ManageServiceImpl
2021-01-23 10:32:29.638  INFO 14772 --- [http-nio-7073-exec-7] c.h.a.A.controller.ManagerController     : There is atleast one manager entity in the database
2021-01-23 10:32:29.639  INFO 14772 --- [http-nio-7073-exec-7] c.h.a.A.service.ManagerServiceImpl       : Entered in to getAllManagerDetails() method ManageServiceImpl
2021-01-23 10:36:20.899  INFO 14772 --- [http-nio-7073-exec-9] c.h.a.A.controller.ManagerController     : Entered into getAllManagerDetails() method of ManageController class
2021-01-23 10:36:20.900  INFO 14772 --- [http-nio-7073-exec-9] c.h.a.A.service.ManagerServiceImpl       : Entered in to getAllManagerDetails() method ManageServiceImpl
2021-01-23 10:36:20.906  INFO 14772 --- [http-nio-7073-exec-9] c.h.a.A.controller.ManagerController     : There is atleast one manager entity in the database
2021-01-23 10:36:20.906  INFO 14772 --- [http-nio-7073-exec-9] c.h.a.A.service.ManagerServiceImpl       : Entered in to getAllManagerDetails() method ManageServiceImpl
2021-01-23 10:38:11.361  INFO 14772 --- [http-nio-7073-exec-1] c.h.a.A.controller.ManagerController     : Entered into getAllManagerDetails() method of ManageController class
2021-01-23 10:38:11.362  INFO 14772 --- [http-nio-7073-exec-1] c.h.a.A.service.ManagerServiceImpl       : Entered in to getAllManagerDetails() method ManageServiceImpl
2021-01-23 10:38:11.470  INFO 14772 --- [http-nio-7073-exec-1] c.h.a.A.controller.ManagerController     : There is atleast one manager entity in the database
2021-01-23 10:38:11.471  INFO 14772 --- [http-nio-7073-exec-1] c.h.a.A.service.ManagerServiceImpl       : Entered in to getAllManagerDetails() method ManageServiceImpl
2021-01-23 10:38:23.718  INFO 14772 --- [http-nio-7073-exec-2] c.h.a.A.controller.ManagerController     : Entered into getAllManagerDetails() method of ManageController class
2021-01-23 10:38:23.719  INFO 14772 --- [http-nio-7073-exec-2] c.h.a.A.service.ManagerServiceImpl       : Entered in to getAllManagerDetails() method ManageServiceImpl
2021-01-23 10:38:23.724  INFO 14772 --- [http-nio-7073-exec-2] c.h.a.A.controller.ManagerController     : There is atleast one manager entity in the database
2021-01-23 10:38:23.724  INFO 14772 --- [http-nio-7073-exec-2] c.h.a.A.service.ManagerServiceImpl       : Entered in to getAllManagerDetails() method ManageServiceImpl
2021-01-23 10:39:07.598  INFO 14772 --- [http-nio-7073-exec-3] c.h.a.A.controller.ManagerController     : Entered into getAllManagerDetails() method of ManageController class
2021-01-23 10:39:07.599  INFO 14772 --- [http-nio-7073-exec-3] c.h.a.A.service.ManagerServiceImpl       : Entered in to getAllManagerDetails() method ManageServiceImpl
2021-01-23 10:39:07.604  INFO 14772 --- [http-nio-7073-exec-3] c.h.a.A.controller.ManagerController     : There is atleast one manager entity in the database
2021-01-23 10:39:07.604  INFO 14772 --- [http-nio-7073-exec-3] c.h.a.A.service.ManagerServiceImpl       : Entered in to getAllManagerDetails() method ManageServiceImpl
2021-01-23 10:39:50.209  INFO 14772 --- [http-nio-7073-exec-4] c.h.a.A.controller.ManagerController     : Entered into addManagerDetails() method of ManageController class
2021-01-23 10:39:50.209  INFO 14772 --- [http-nio-7073-exec-4] c.h.a.A.service.ManagerServiceImpl       : Entered in to addManagerDetails() method ManageServiceImpl
2021-01-23 10:40:00.224  INFO 14772 --- [http-nio-7073-exec-5] c.h.a.A.controller.ManagerController     : Entered into getAllManagerDetails() method of ManageController class
2021-01-23 10:40:00.225  INFO 14772 --- [http-nio-7073-exec-5] c.h.a.A.service.ManagerServiceImpl       : Entered in to getAllManagerDetails() method ManageServiceImpl
2021-01-23 10:40:00.231  INFO 14772 --- [http-nio-7073-exec-5] c.h.a.A.controller.ManagerController     : There is atleast one manager entity in the database
2021-01-23 10:40:00.232  INFO 14772 --- [http-nio-7073-exec-5] c.h.a.A.service.ManagerServiceImpl       : Entered in to getAllManagerDetails() method ManageServiceImpl
2021-01-23 10:40:14.207  INFO 14772 --- [http-nio-7073-exec-6] c.h.a.A.controller.ManagerController     : Entered into getAllManagerDetails() method of ManageController class
2021-01-23 10:40:14.208  INFO 14772 --- [http-nio-7073-exec-6] c.h.a.A.service.ManagerServiceImpl       : Entered in to getAllManagerDetails() method ManageServiceImpl
2021-01-23 10:40:14.218  INFO 14772 --- [http-nio-7073-exec-6] c.h.a.A.controller.ManagerController     : There is atleast one manager entity in the database
2021-01-23 10:40:14.219  INFO 14772 --- [http-nio-7073-exec-6] c.h.a.A.service.ManagerServiceImpl       : Entered in to getAllManagerDetails() method ManageServiceImpl
2021-01-23 10:41:10.090  INFO 14772 --- [http-nio-7073-exec-7] c.h.a.A.controller.ManagerController     : Entered into getAllManagerDetails() method of ManageController class
2021-01-23 10:41:10.091  INFO 14772 --- [http-nio-7073-exec-7] c.h.a.A.service.ManagerServiceImpl       : Entered in to getAllManagerDetails() method ManageServiceImpl
2021-01-23 10:41:10.097  INFO 14772 --- [http-nio-7073-exec-7] c.h.a.A.controller.ManagerController     : There is atleast one manager entity in the database
2021-01-23 10:41:10.098  INFO 14772 --- [http-nio-7073-exec-7] c.h.a.A.service.ManagerServiceImpl       : Entered in to getAllManagerDetails() method ManageServiceImpl
2021-01-23 10:41:12.955  INFO 14772 --- [http-nio-7073-exec-8] c.h.a.A.controller.ManagerController     : Entered into getAllManagerDetails() method of ManageController class
2021-01-23 10:41:12.956  INFO 14772 --- [http-nio-7073-exec-8] c.h.a.A.service.ManagerServiceImpl       : Entered in to getAllManagerDetails() method ManageServiceImpl
2021-01-23 10:41:12.957  INFO 14772 --- [http-nio-7073-exec-9] c.h.a.A.controller.ManagerController     : Entered in to rejectManager() method of ManageController class
2021-01-23 10:41:12.958  INFO 14772 --- [http-nio-7073-exec-9] c.h.a.A.service.ManagerServiceImpl       : Entered in to rejectManager method of ManagerServiceImpl class
2021-01-23 10:41:12.960  INFO 14772 --- [http-nio-7073-exec-8] c.h.a.A.controller.ManagerController     : There is atleast one manager entity in the database
2021-01-23 10:41:12.960  INFO 14772 --- [http-nio-7073-exec-8] c.h.a.A.service.ManagerServiceImpl       : Entered in to getAllManagerDetails() method ManageServiceImpl
2021-01-23 10:41:13.019  INFO 14772 --- [http-nio-7073-exec-10] c.h.a.A.controller.ManagerController     : Entered into getAllManagerDetails() method of ManageController class
2021-01-23 10:41:13.019  INFO 14772 --- [http-nio-7073-exec-10] c.h.a.A.service.ManagerServiceImpl       : Entered in to getAllManagerDetails() method ManageServiceImpl
2021-01-23 10:41:13.023  INFO 14772 --- [http-nio-7073-exec-10] c.h.a.A.controller.ManagerController     : There is atleast one manager entity in the database
2021-01-23 10:41:13.024  INFO 14772 --- [http-nio-7073-exec-10] c.h.a.A.service.ManagerServiceImpl       : Entered in to getAllManagerDetails() method ManageServiceImpl
2021-01-23 10:47:24.701  INFO 14772 --- [http-nio-7073-exec-2] c.h.a.A.controller.ManagerController     : Entered into getAllManagerDetails() method of ManageController class
2021-01-23 10:47:24.702  INFO 14772 --- [http-nio-7073-exec-2] c.h.a.A.service.ManagerServiceImpl       : Entered in to getAllManagerDetails() method ManageServiceImpl
2021-01-23 10:47:24.707  INFO 14772 --- [http-nio-7073-exec-2] c.h.a.A.controller.ManagerController     : There is atleast one manager entity in the database
2021-01-23 10:47:24.708  INFO 14772 --- [http-nio-7073-exec-2] c.h.a.A.service.ManagerServiceImpl       : Entered in to getAllManagerDetails() method ManageServiceImpl
2021-01-23 10:47:54.919  INFO 14772 --- [http-nio-7073-exec-3] c.h.a.A.controller.ManagerController     : Entered into getAllManagerDetails() method of ManageController class
2021-01-23 10:47:54.920  INFO 14772 --- [http-nio-7073-exec-3] c.h.a.A.service.ManagerServiceImpl       : Entered in to getAllManagerDetails() method ManageServiceImpl
2021-01-23 10:47:54.929  INFO 14772 --- [http-nio-7073-exec-3] c.h.a.A.controller.ManagerController     : There is atleast one manager entity in the database
2021-01-23 10:47:54.930  INFO 14772 --- [http-nio-7073-exec-3] c.h.a.A.service.ManagerServiceImpl       : Entered in to getAllManagerDetails() method ManageServiceImpl
2021-01-23 10:48:11.365  INFO 14772 --- [http-nio-7073-exec-4] c.h.a.A.controller.ManagerController     : Entered into getAllManagerDetails() method of ManageController class
2021-01-23 10:48:11.365  INFO 14772 --- [http-nio-7073-exec-4] c.h.a.A.service.ManagerServiceImpl       : Entered in to getAllManagerDetails() method ManageServiceImpl
2021-01-23 10:48:11.376  INFO 14772 --- [http-nio-7073-exec-4] c.h.a.A.controller.ManagerController     : There is atleast one manager entity in the database
2021-01-23 10:48:11.377  INFO 14772 --- [http-nio-7073-exec-4] c.h.a.A.service.ManagerServiceImpl       : Entered in to getAllManagerDetails() method ManageServiceImpl
2021-01-23 10:48:52.254  INFO 14772 --- [http-nio-7073-exec-5] c.h.a.A.controller.ManagerController     : Entered into addManagerDetails() method of ManageController class
2021-01-23 10:48:52.254  INFO 14772 --- [http-nio-7073-exec-5] c.h.a.A.service.ManagerServiceImpl       : Entered in to addManagerDetails() method ManageServiceImpl
2021-01-23 10:49:07.415  INFO 14772 --- [http-nio-7073-exec-6] c.h.a.A.controller.ManagerController     : Entered into getAllManagerDetails() method of ManageController class
2021-01-23 10:49:07.416  INFO 14772 --- [http-nio-7073-exec-6] c.h.a.A.service.ManagerServiceImpl       : Entered in to getAllManagerDetails() method ManageServiceImpl
2021-01-23 10:49:07.421  INFO 14772 --- [http-nio-7073-exec-6] c.h.a.A.controller.ManagerController     : There is atleast one manager entity in the database
2021-01-23 10:49:07.421  INFO 14772 --- [http-nio-7073-exec-6] c.h.a.A.service.ManagerServiceImpl       : Entered in to getAllManagerDetails() method ManageServiceImpl
2021-01-23 10:49:10.183  INFO 14772 --- [http-nio-7073-exec-7] c.h.a.A.controller.ManagerController     : Entered in to approveManager() method of ManageController class
2021-01-23 10:49:10.184  INFO 14772 --- [http-nio-7073-exec-7] c.h.a.A.service.ManagerServiceImpl       : Entered in to approveManager method of ManagerServiceImpl class
2021-01-23 10:49:10.186  INFO 14772 --- [http-nio-7073-exec-8] c.h.a.A.controller.ManagerController     : Entered into getAllManagerDetails() method of ManageController class
2021-01-23 10:49:10.186  INFO 14772 --- [http-nio-7073-exec-8] c.h.a.A.service.ManagerServiceImpl       : Entered in to getAllManagerDetails() method ManageServiceImpl
2021-01-23 10:49:10.190  INFO 14772 --- [http-nio-7073-exec-8] c.h.a.A.controller.ManagerController     : There is atleast one manager entity in the database
2021-01-23 10:49:10.191  INFO 14772 --- [http-nio-7073-exec-8] c.h.a.A.service.ManagerServiceImpl       : Entered in to getAllManagerDetails() method ManageServiceImpl
2021-01-23 10:49:10.591  INFO 14772 --- [http-nio-7073-exec-9] c.h.a.A.controller.ManagerController     : Entered into getAllManagerDetails() method of ManageController class
2021-01-23 10:49:10.591  INFO 14772 --- [http-nio-7073-exec-9] c.h.a.A.service.ManagerServiceImpl       : Entered in to getAllManagerDetails() method ManageServiceImpl
2021-01-23 10:49:10.595  INFO 14772 --- [http-nio-7073-exec-9] c.h.a.A.controller.ManagerController     : There is atleast one manager entity in the database
2021-01-23 10:49:10.595  INFO 14772 --- [http-nio-7073-exec-9] c.h.a.A.service.ManagerServiceImpl       : Entered in to getAllManagerDetails() method ManageServiceImpl
2021-01-23 10:49:36.141  INFO 14772 --- [http-nio-7073-exec-10] c.h.a.A.controller.ManagerController     : Entered into getAllManagerDetails() method of ManageController class
2021-01-23 10:49:36.142  INFO 14772 --- [http-nio-7073-exec-10] c.h.a.A.service.ManagerServiceImpl       : Entered in to getAllManagerDetails() method ManageServiceImpl
2021-01-23 10:49:36.146  INFO 14772 --- [http-nio-7073-exec-10] c.h.a.A.controller.ManagerController     : There is atleast one manager entity in the database
2021-01-23 10:49:36.146  INFO 14772 --- [http-nio-7073-exec-10] c.h.a.A.service.ManagerServiceImpl       : Entered in to getAllManagerDetails() method ManageServiceImpl
2021-01-23 11:43:09.164  INFO 8740 --- [main] c.h.a.A.AirportManagerServiceApplication : Starting AirportManagerServiceApplication using Java 1.8.0_271 on DESKTOP-GV7K8NV with PID 8740 (C:\Users\Hi\Desktop\HCL\online_training_HCL\Mode2\SpringBootDemos\AirportManagerService\target\classes started by Hi in C:\Users\Hi\Desktop\HCL\online_training_HCL\Mode2\SpringBootDemos\AirportManagerService)
2021-01-23 11:43:09.169  INFO 8740 --- [main] c.h.a.A.AirportManagerServiceApplication : No active profile set, falling back to default profiles: default
2021-01-23 11:43:10.441  INFO 8740 --- [main] .s.d.r.c.RepositoryConfigurationDelegate : Bootstrapping Spring Data JPA repositories in DEFAULT mode.
2021-01-23 11:43:10.522  INFO 8740 --- [main] .s.d.r.c.RepositoryConfigurationDelegate : Finished Spring Data repository scanning in 70 ms. Found 1 JPA repository interfaces.
2021-01-23 11:43:12.294  INFO 8740 --- [main] o.s.b.w.embedded.tomcat.TomcatWebServer  : Tomcat initialized with port(s): 7073 (http)
2021-01-23 11:43:12.306  INFO 8740 --- [main] o.apache.catalina.core.StandardService   : Starting service [Tomcat]
2021-01-23 11:43:12.307  INFO 8740 --- [main] org.apache.catalina.core.StandardEngine  : Starting Servlet engine: [Apache Tomcat/9.0.41]
2021-01-23 11:43:12.308  INFO 8740 --- [main] o.a.catalina.core.AprLifecycleListener   : Loaded Apache Tomcat Native library [1.2.23] using APR version [1.7.0].
2021-01-23 11:43:12.309  INFO 8740 --- [main] o.a.catalina.core.AprLifecycleListener   : APR capabilities: IPv6 [true], sendfile [true], accept filters [false], random [true].
2021-01-23 11:43:12.309  INFO 8740 --- [main] o.a.catalina.core.AprLifecycleListener   : APR/OpenSSL configuration: useAprConnector [false], useOpenSSL [true]
2021-01-23 11:43:12.312  INFO 8740 --- [main] o.a.catalina.core.AprLifecycleListener   : OpenSSL successfully initialized [OpenSSL 1.1.1c  28 May 2019]
2021-01-23 11:43:12.427  INFO 8740 --- [main] o.a.c.c.C.[Tomcat].[localhost].[/]       : Initializing Spring embedded WebApplicationContext
2021-01-23 11:43:12.428  INFO 8740 --- [main] w.s.c.ServletWebServerApplicationContext : Root WebApplicationContext: initialization completed in 3125 ms
2021-01-23 11:43:12.938  INFO 8740 --- [main] o.hibernate.jpa.internal.util.LogHelper  : HHH000204: Processing PersistenceUnitInfo [name: default]
2021-01-23 11:43:13.108  INFO 8740 --- [main] org.hibernate.Version                    : HHH000412: Hibernate ORM core version 5.4.27.Final
2021-01-23 11:43:13.414  INFO 8740 --- [main] o.hibernate.annotations.common.Version   : HCANN000001: Hibernate Commons Annotations {5.1.2.Final}
2021-01-23 11:43:13.789  INFO 8740 --- [main] com.zaxxer.hikari.HikariDataSource       : HikariPool-1 - Starting...
2021-01-23 11:43:14.546  INFO 8740 --- [main] com.zaxxer.hikari.HikariDataSource       : HikariPool-1 - Start completed.
2021-01-23 11:43:14.582  INFO 8740 --- [main] org.hibernate.dialect.Dialect            : HHH000400: Using dialect: org.hibernate.dialect.MySQL5Dialect
2021-01-23 11:43:16.050  INFO 8740 --- [main] o.h.e.t.j.p.i.JtaPlatformInitiator       : HHH000490: Using JtaPlatform implementation: [org.hibernate.engine.transaction.jta.platform.internal.NoJtaPlatform]
2021-01-23 11:43:16.074  INFO 8740 --- [main] j.LocalContainerEntityManagerFactoryBean : Initialized JPA EntityManagerFactory for persistence unit 'default'
2021-01-23 11:43:16.860  WARN 8740 --- [main] JpaBaseConfiguration$JpaWebConfiguration : spring.jpa.open-in-view is enabled by default. Therefore, database queries may be performed during view rendering. Explicitly configure spring.jpa.open-in-view to disable this warning
2021-01-23 11:43:18.297  INFO 8740 --- [main] o.s.s.concurrent.ThreadPoolTaskExecutor  : Initializing ExecutorService 'applicationTaskExecutor'
2021-01-23 11:43:18.853  INFO 8740 --- [main] o.s.b.w.embedded.tomcat.TomcatWebServer  : Tomcat started on port(s): 7073 (http) with context path ''
2021-01-23 11:43:18.881  INFO 8740 --- [main] c.h.a.A.AirportManagerServiceApplication : Started AirportManagerServiceApplication in 10.421 seconds (JVM running for 11.249)
2021-01-23 12:01:47.309  INFO 8740 --- [http-nio-7073-exec-1] o.a.c.c.C.[Tomcat].[localhost].[/]       : Initializing Spring DispatcherServlet 'dispatcherServlet'
2021-01-23 12:01:47.310  INFO 8740 --- [http-nio-7073-exec-1] o.s.web.servlet.DispatcherServlet        : Initializing Servlet 'dispatcherServlet'
2021-01-23 12:01:47.331  INFO 8740 --- [http-nio-7073-exec-1] o.s.web.servlet.DispatcherServlet        : Completed initialization in 21 ms
2021-01-23 12:01:47.463  INFO 8740 --- [http-nio-7073-exec-1] c.h.a.A.controller.ManagerController     : Entered in to validateManager() method of ManagerController class
2021-01-23 12:04:25.529  INFO 8740 --- [http-nio-7073-exec-3] c.h.a.A.controller.ManagerController     : Entered in to validateManager() method of ManagerController class
2021-01-23 12:11:00.368  INFO 17216 --- [main] c.h.a.A.AirportManagerServiceApplication : Starting AirportManagerServiceApplication using Java 1.8.0_271 on DESKTOP-GV7K8NV with PID 17216 (C:\Users\Hi\Desktop\HCL\online_training_HCL\Mode2\SpringBootDemos\AirportManagerService\target\classes started by Hi in C:\Users\Hi\Desktop\HCL\online_training_HCL\Mode2\SpringBootDemos\AirportManagerService)
2021-01-23 12:11:00.373  INFO 17216 --- [main] c.h.a.A.AirportManagerServiceApplication : No active profile set, falling back to default profiles: default
2021-01-23 12:11:01.471  INFO 17216 --- [main] .s.d.r.c.RepositoryConfigurationDelegate : Bootstrapping Spring Data JPA repositories in DEFAULT mode.
2021-01-23 12:11:01.559  INFO 17216 --- [main] .s.d.r.c.RepositoryConfigurationDelegate : Finished Spring Data repository scanning in 73 ms. Found 1 JPA repository interfaces.
2021-01-23 12:11:04.311  INFO 17216 --- [main] o.s.b.w.embedded.tomcat.TomcatWebServer  : Tomcat initialized with port(s): 7073 (http)
2021-01-23 12:11:04.323  INFO 17216 --- [main] o.apache.catalina.core.StandardService   : Starting service [Tomcat]
2021-01-23 12:11:04.324  INFO 17216 --- [main] org.apache.catalina.core.StandardEngine  : Starting Servlet engine: [Apache Tomcat/9.0.41]
2021-01-23 12:11:04.326  INFO 17216 --- [main] o.a.catalina.core.AprLifecycleListener   : Loaded Apache Tomcat Native library [1.2.23] using APR version [1.7.0].
2021-01-23 12:11:04.326  INFO 17216 --- [main] o.a.catalina.core.AprLifecycleListener   : APR capabilities: IPv6 [true], sendfile [true], accept filters [false], random [true].
2021-01-23 12:11:04.326  INFO 17216 --- [main] o.a.catalina.core.AprLifecycleListener   : APR/OpenSSL configuration: useAprConnector [false], useOpenSSL [true]
2021-01-23 12:11:04.331  INFO 17216 --- [main] o.a.catalina.core.AprLifecycleListener   : OpenSSL successfully initialized [OpenSSL 1.1.1c  28 May 2019]
2021-01-23 12:11:04.465  INFO 17216 --- [main] o.a.c.c.C.[Tomcat].[localhost].[/]       : Initializing Spring embedded WebApplicationContext
2021-01-23 12:11:04.466  INFO 17216 --- [main] w.s.c.ServletWebServerApplicationContext : Root WebApplicationContext: initialization completed in 3984 ms
2021-01-23 12:11:04.840  INFO 17216 --- [main] o.hibernate.jpa.internal.util.LogHelper  : HHH000204: Processing PersistenceUnitInfo [name: default]
2021-01-23 12:11:04.923  INFO 17216 --- [main] org.hibernate.Version                    : HHH000412: Hibernate ORM core version 5.4.27.Final
2021-01-23 12:11:05.173  INFO 17216 --- [main] o.hibernate.annotations.common.Version   : HCANN000001: Hibernate Commons Annotations {5.1.2.Final}
2021-01-23 12:11:05.502  INFO 17216 --- [main] com.zaxxer.hikari.HikariDataSource       : HikariPool-1 - Starting...
2021-01-23 12:11:06.949  INFO 17216 --- [main] com.zaxxer.hikari.HikariDataSource       : HikariPool-1 - Start completed.
2021-01-23 12:11:07.140  INFO 17216 --- [main] org.hibernate.dialect.Dialect            : HHH000400: Using dialect: org.hibernate.dialect.MySQL5Dialect
2021-01-23 12:11:11.535  INFO 17216 --- [main] o.h.e.t.j.p.i.JtaPlatformInitiator       : HHH000490: Using JtaPlatform implementation: [org.hibernate.engine.transaction.jta.platform.internal.NoJtaPlatform]
2021-01-23 12:11:11.550  INFO 17216 --- [main] j.LocalContainerEntityManagerFactoryBean : Initialized JPA EntityManagerFactory for persistence unit 'default'
2021-01-23 12:11:12.504  WARN 17216 --- [main] JpaBaseConfiguration$JpaWebConfiguration : spring.jpa.open-in-view is enabled by default. Therefore, database queries may be performed during view rendering. Explicitly configure spring.jpa.open-in-view to disable this warning
2021-01-23 12:11:12.824  INFO 17216 --- [main] o.s.s.concurrent.ThreadPoolTaskExecutor  : Initializing ExecutorService 'applicationTaskExecutor'
2021-01-23 12:11:13.353  INFO 17216 --- [main] o.s.b.w.embedded.tomcat.TomcatWebServer  : Tomcat started on port(s): 7073 (http) with context path ''
2021-01-23 12:11:13.375  INFO 17216 --- [main] c.h.a.A.AirportManagerServiceApplication : Started AirportManagerServiceApplication in 14.11 seconds (JVM running for 14.64)
2021-01-23 12:11:21.184  INFO 17216 --- [http-nio-7073-exec-1] o.a.c.c.C.[Tomcat].[localhost].[/]       : Initializing Spring DispatcherServlet 'dispatcherServlet'
2021-01-23 12:11:21.184  INFO 17216 --- [http-nio-7073-exec-1] o.s.web.servlet.DispatcherServlet        : Initializing Servlet 'dispatcherServlet'
2021-01-23 12:11:21.186  INFO 17216 --- [http-nio-7073-exec-1] o.s.web.servlet.DispatcherServlet        : Completed initialization in 2 ms
2021-01-23 12:11:21.243  INFO 17216 --- [http-nio-7073-exec-1] c.h.a.A.controller.ManagerController     : Entered in to validateManager() method of ManagerController class
2021-01-23 12:11:21.736  INFO 17216 --- [http-nio-7073-exec-1] c.h.a.A.service.ManagerServiceImpl       : Entered in to findManagerByContactNumber( ) method of ManagerServiceImpl class
2021-01-23 12:14:08.150  INFO 17216 --- [http-nio-7073-exec-3] c.h.a.A.controller.ManagerController     : Entered in to validateManager() method of ManagerController class
2021-01-23 12:14:08.153  INFO 17216 --- [http-nio-7073-exec-3] c.h.a.A.service.ManagerServiceImpl       : Entered in to findManagerByContactNumber( ) method of ManagerServiceImpl class
2021-01-23 12:14:40.020  INFO 17216 --- [http-nio-7073-exec-4] c.h.a.A.controller.ManagerController     : Entered in to validateManager() method of ManagerController class
2021-01-23 12:14:40.316  INFO 17216 --- [http-nio-7073-exec-4] c.h.a.A.service.ManagerServiceImpl       : Entered in to findManagerByContactNumber( ) method of ManagerServiceImpl class
2021-01-23 12:15:15.977  INFO 17216 --- [http-nio-7073-exec-5] c.h.a.A.controller.ManagerController     : Entered in to validateManager() method of ManagerController class
2021-01-23 12:15:15.980  INFO 17216 --- [http-nio-7073-exec-5] c.h.a.A.service.ManagerServiceImpl       : Entered in to findManagerByContactNumber( ) method of ManagerServiceImpl class
2021-01-23 12:15:21.100  INFO 17216 --- [http-nio-7073-exec-6] c.h.a.A.controller.ManagerController     : Entered in to validateManager() method of ManagerController class
2021-01-23 12:15:21.104  INFO 17216 --- [http-nio-7073-exec-6] c.h.a.A.service.ManagerServiceImpl       : Entered in to findManagerByContactNumber( ) method of ManagerServiceImpl class
2021-01-23 12:15:35.267  INFO 17216 --- [http-nio-7073-exec-7] c.h.a.A.controller.ManagerController     : Entered in to validateManager() method of ManagerController class
2021-01-23 12:15:35.271  INFO 17216 --- [http-nio-7073-exec-7] c.h.a.A.service.ManagerServiceImpl       : Entered in to findManagerByContactNumber( ) method of ManagerServiceImpl class
2021-01-23 12:16:38.206  INFO 17216 --- [http-nio-7073-exec-9] c.h.a.A.controller.ManagerController     : Entered in to validateManager() method of ManagerController class
2021-01-23 12:16:38.208  INFO 17216 --- [http-nio-7073-exec-9] c.h.a.A.service.ManagerServiceImpl       : Entered in to findManagerByContactNumber( ) method of ManagerServiceImpl class
2021-01-23 12:16:42.219  INFO 17216 --- [http-nio-7073-exec-10] c.h.a.A.controller.ManagerController     : Entered in to validateManager() method of ManagerController class
2021-01-23 12:16:42.223  INFO 17216 --- [http-nio-7073-exec-10] c.h.a.A.service.ManagerServiceImpl       : Entered in to findManagerByContactNumber( ) method of ManagerServiceImpl class
2021-01-23 12:17:12.689  INFO 17216 --- [http-nio-7073-exec-1] c.h.a.A.controller.ManagerController     : Entered in to validateManager() method of ManagerController class
2021-01-23 12:17:12.693  INFO 17216 --- [http-nio-7073-exec-1] c.h.a.A.service.ManagerServiceImpl       : Entered in to findManagerByContactNumber( ) method of ManagerServiceImpl class
2021-01-23 12:17:41.593  INFO 17216 --- [http-nio-7073-exec-2] c.h.a.A.controller.ManagerController     : Entered in to validateManager() method of ManagerController class
2021-01-23 12:17:41.595  INFO 17216 --- [http-nio-7073-exec-2] c.h.a.A.service.ManagerServiceImpl       : Entered in to findManagerByContactNumber( ) method of ManagerServiceImpl class
2021-01-23 12:17:44.254  INFO 17216 --- [http-nio-7073-exec-3] c.h.a.A.controller.ManagerController     : Entered in to validateManager() method of ManagerController class
2021-01-23 12:17:44.257  INFO 17216 --- [http-nio-7073-exec-3] c.h.a.A.service.ManagerServiceImpl       : Entered in to findManagerByContactNumber( ) method of ManagerServiceImpl class
2021-01-23 12:18:02.788  INFO 17216 --- [http-nio-7073-exec-4] c.h.a.A.controller.ManagerController     : Entered in to validateManager() method of ManagerController class
2021-01-23 12:18:02.791  INFO 17216 --- [http-nio-7073-exec-4] c.h.a.A.service.ManagerServiceImpl       : Entered in to findManagerByContactNumber( ) method of ManagerServiceImpl class
2021-01-23 12:20:20.547  INFO 17216 --- [http-nio-7073-exec-5] c.h.a.A.controller.ManagerController     : Entered in to validateManager() method of ManagerController class
2021-01-23 12:20:20.550  INFO 17216 --- [http-nio-7073-exec-5] c.h.a.A.service.ManagerServiceImpl       : Entered in to findManagerByContactNumber( ) method of ManagerServiceImpl class
2021-01-23 12:20:55.526  INFO 17216 --- [http-nio-7073-exec-6] c.h.a.A.controller.ManagerController     : Entered in to validateManager() method of ManagerController class
2021-01-23 12:20:55.529  INFO 17216 --- [http-nio-7073-exec-6] c.h.a.A.service.ManagerServiceImpl       : Entered in to findManagerByContactNumber( ) method of ManagerServiceImpl class
2021-01-23 12:22:03.789  INFO 17216 --- [http-nio-7073-exec-7] c.h.a.A.controller.ManagerController     : Entered into addManagerDetails() method of ManageController class
2021-01-23 12:22:03.790  INFO 17216 --- [http-nio-7073-exec-7] c.h.a.A.service.ManagerServiceImpl       : Entered in to addManagerDetails() method ManageServiceImpl
2021-01-23 12:22:18.086  INFO 17216 --- [http-nio-7073-exec-8] c.h.a.A.controller.ManagerController     : Entered in to validateManager() method of ManagerController class
2021-01-23 12:22:18.588  INFO 17216 --- [http-nio-7073-exec-8] c.h.a.A.service.ManagerServiceImpl       : Entered in to findManagerByContactNumber( ) method of ManagerServiceImpl class
2021-01-23 12:22:36.594  INFO 17216 --- [http-nio-7073-exec-9] c.h.a.A.controller.ManagerController     : Entered into getAllManagerDetails() method of ManageController class
2021-01-23 12:22:36.595  INFO 17216 --- [http-nio-7073-exec-9] c.h.a.A.service.ManagerServiceImpl       : Entered in to getAllManagerDetails() method ManageServiceImpl
2021-01-23 12:22:36.662  INFO 17216 --- [http-nio-7073-exec-9] c.h.a.A.controller.ManagerController     : There is atleast one manager entity in the database
2021-01-23 12:22:36.662  INFO 17216 --- [http-nio-7073-exec-9] c.h.a.A.service.ManagerServiceImpl       : Entered in to getAllManagerDetails() method ManageServiceImpl
2021-01-23 12:22:46.862  INFO 17216 --- [http-nio-7073-exec-10] c.h.a.A.controller.ManagerController     : Entered into getAllManagerDetails() method of ManageController class
2021-01-23 12:22:46.863  INFO 17216 --- [http-nio-7073-exec-10] c.h.a.A.service.ManagerServiceImpl       : Entered in to getAllManagerDetails() method ManageServiceImpl
2021-01-23 12:22:46.870  INFO 17216 --- [http-nio-7073-exec-1] c.h.a.A.controller.ManagerController     : Entered in to approveManager() method of ManageController class
2021-01-23 12:22:46.871  INFO 17216 --- [http-nio-7073-exec-1] c.h.a.A.service.ManagerServiceImpl       : Entered in to approveManager method of ManagerServiceImpl class
2021-01-23 12:22:46.872  INFO 17216 --- [http-nio-7073-exec-10] c.h.a.A.controller.ManagerController     : There is atleast one manager entity in the database
2021-01-23 12:22:46.872  INFO 17216 --- [http-nio-7073-exec-10] c.h.a.A.service.ManagerServiceImpl       : Entered in to getAllManagerDetails() method ManageServiceImpl
2021-01-23 12:22:47.817  INFO 17216 --- [http-nio-7073-exec-2] c.h.a.A.controller.ManagerController     : Entered into getAllManagerDetails() method of ManageController class
2021-01-23 12:22:47.817  INFO 17216 --- [http-nio-7073-exec-2] c.h.a.A.service.ManagerServiceImpl       : Entered in to getAllManagerDetails() method ManageServiceImpl
2021-01-23 12:22:47.824  INFO 17216 --- [http-nio-7073-exec-2] c.h.a.A.controller.ManagerController     : There is atleast one manager entity in the database
2021-01-23 12:22:47.825  INFO 17216 --- [http-nio-7073-exec-2] c.h.a.A.service.ManagerServiceImpl       : Entered in to getAllManagerDetails() method ManageServiceImpl
2021-01-23 12:23:01.596  INFO 17216 --- [http-nio-7073-exec-3] c.h.a.A.controller.ManagerController     : Entered in to validateManager() method of ManagerController class
2021-01-23 12:23:01.599  INFO 17216 --- [http-nio-7073-exec-3] c.h.a.A.service.ManagerServiceImpl       : Entered in to findManagerByContactNumber( ) method of ManagerServiceImpl class
2021-01-23 12:59:39.548  INFO 17216 --- [http-nio-7073-exec-6] c.h.a.A.controller.ManagerController     : Entered in to validateManager() method of ManagerController class
2021-01-23 12:59:39.601  INFO 17216 --- [http-nio-7073-exec-6] c.h.a.A.service.ManagerServiceImpl       : Entered in to findManagerByContactNumber( ) method of ManagerServiceImpl class
2021-01-23 13:03:47.677  INFO 17216 --- [http-nio-7073-exec-8] c.h.a.A.controller.ManagerController     : Entered in to validateManager() method of ManagerController class
2021-01-23 13:03:47.681  INFO 17216 --- [http-nio-7073-exec-8] c.h.a.A.service.ManagerServiceImpl       : Entered in to findManagerByContactNumber( ) method of ManagerServiceImpl class
2021-01-23 13:05:13.780  INFO 17216 --- [http-nio-7073-exec-10] c.h.a.A.controller.ManagerController     : Entered in to validateManager() method of ManagerController class
2021-01-23 13:05:13.781  INFO 17216 --- [http-nio-7073-exec-10] c.h.a.A.service.ManagerServiceImpl       : Entered in to findManagerByContactNumber( ) method of ManagerServiceImpl class
2021-01-23 13:09:50.727  INFO 17216 --- [http-nio-7073-exec-2] c.h.a.A.controller.ManagerController     : Entered in to validateManager() method of ManagerController class
2021-01-23 13:09:51.226  INFO 17216 --- [http-nio-7073-exec-2] c.h.a.A.service.ManagerServiceImpl       : Entered in to findManagerByContactNumber( ) method of ManagerServiceImpl class
2021-01-23 14:42:30.630  INFO 17216 --- [http-nio-7073-exec-3] c.h.a.A.controller.ManagerController     : Entered in to validateManager() method of ManagerController class
2021-01-23 14:42:30.720  INFO 17216 --- [http-nio-7073-exec-3] c.h.a.A.service.ManagerServiceImpl       : Entered in to findManagerByContactNumber( ) method of ManagerServiceImpl class
2021-01-23 15:28:05.890  INFO 17216 --- [http-nio-7073-exec-4] c.h.a.A.controller.ManagerController     : Entered in to validateManager() method of ManagerController class
2021-01-23 15:28:06.186  INFO 17216 --- [http-nio-7073-exec-4] c.h.a.A.service.ManagerServiceImpl       : Entered in to findManagerByContactNumber( ) method of ManagerServiceImpl class
2021-01-23 16:31:54.146  INFO 17216 --- [http-nio-7073-exec-5] c.h.a.A.controller.ManagerController     : Entered in to validateManager() method of ManagerController class
2021-01-23 16:31:54.496  INFO 17216 --- [http-nio-7073-exec-5] c.h.a.A.service.ManagerServiceImpl       : Entered in to findManagerByContactNumber( ) method of ManagerServiceImpl class
2021-01-23 16:32:04.030  INFO 17216 --- [http-nio-7073-exec-6] c.h.a.A.controller.ManagerController     : Entered in to validateManager() method of ManagerController class
2021-01-23 16:32:04.060  INFO 17216 --- [http-nio-7073-exec-6] c.h.a.A.service.ManagerServiceImpl       : Entered in to findManagerByContactNumber( ) method of ManagerServiceImpl class
2021-01-23 17:08:22.932  INFO 17216 --- [http-nio-7073-exec-7] c.h.a.A.controller.ManagerController     : Entered in to validateManager() method of ManagerController class
2021-01-23 17:08:23.527  INFO 17216 --- [http-nio-7073-exec-7] c.h.a.A.service.ManagerServiceImpl       : Entered in to findManagerByContactNumber( ) method of ManagerServiceImpl class
2021-01-23 17:43:24.056  INFO 17216 --- [http-nio-7073-exec-8] c.h.a.A.controller.ManagerController     : Entered in to validateManager() method of ManagerController class
2021-01-23 17:43:24.243  INFO 17216 --- [http-nio-7073-exec-8] c.h.a.A.service.ManagerServiceImpl       : Entered in to findManagerByContactNumber( ) method of ManagerServiceImpl class
2021-01-23 17:51:57.815  INFO 17216 --- [http-nio-7073-exec-9] c.h.a.A.controller.ManagerController     : Entered into getAllManagerDetails() method of ManageController class
2021-01-23 17:51:57.815  INFO 17216 --- [http-nio-7073-exec-9] c.h.a.A.service.ManagerServiceImpl       : Entered in to getAllManagerDetails() method ManageServiceImpl
2021-01-23 17:51:59.012  INFO 17216 --- [http-nio-7073-exec-9] c.h.a.A.controller.ManagerController     : There is atleast one manager entity in the database
2021-01-23 17:51:59.012  INFO 17216 --- [http-nio-7073-exec-9] c.h.a.A.service.ManagerServiceImpl       : Entered in to getAllManagerDetails() method ManageServiceImpl
2021-01-23 17:51:59.754  INFO 17216 --- [http-nio-7073-exec-10] c.h.a.A.controller.ManagerController     : Entered into getAllManagerDetails() method of ManageController class
2021-01-23 17:51:59.756  INFO 17216 --- [http-nio-7073-exec-10] c.h.a.A.service.ManagerServiceImpl       : Entered in to getAllManagerDetails() method ManageServiceImpl
2021-01-23 17:52:00.352  INFO 17216 --- [http-nio-7073-exec-10] c.h.a.A.controller.ManagerController     : There is atleast one manager entity in the database
2021-01-23 17:52:00.352  INFO 17216 --- [http-nio-7073-exec-10] c.h.a.A.service.ManagerServiceImpl       : Entered in to getAllManagerDetails() method ManageServiceImpl
2021-01-23 17:55:23.673  INFO 17216 --- [http-nio-7073-exec-3] c.h.a.A.controller.ManagerController     : Entered into getAllManagerDetails() method of ManageController class
2021-01-23 17:55:23.675  INFO 17216 --- [http-nio-7073-exec-3] c.h.a.A.service.ManagerServiceImpl       : Entered in to getAllManagerDetails() method ManageServiceImpl
2021-01-23 17:55:23.809  INFO 17216 --- [http-nio-7073-exec-3] c.h.a.A.controller.ManagerController     : There is atleast one manager entity in the database
2021-01-23 17:55:23.809  INFO 17216 --- [http-nio-7073-exec-3] c.h.a.A.service.ManagerServiceImpl       : Entered in to getAllManagerDetails() method ManageServiceImpl
2021-01-23 17:55:32.735  INFO 17216 --- [http-nio-7073-exec-4] c.h.a.A.controller.ManagerController     : Entered in to validateManager() method of ManagerController class
2021-01-23 17:55:32.746  INFO 17216 --- [http-nio-7073-exec-4] c.h.a.A.service.ManagerServiceImpl       : Entered in to findManagerByContactNumber( ) method of ManagerServiceImpl class
2021-01-23 18:03:54.573  INFO 17216 --- [http-nio-7073-exec-6] c.h.a.A.controller.ManagerController     : Entered into getAllManagerDetails() method of ManageController class
2021-01-23 18:03:54.573  INFO 17216 --- [http-nio-7073-exec-6] c.h.a.A.service.ManagerServiceImpl       : Entered in to getAllManagerDetails() method ManageServiceImpl
2021-01-23 18:03:54.616  INFO 17216 --- [http-nio-7073-exec-6] c.h.a.A.controller.ManagerController     : There is atleast one manager entity in the database
2021-01-23 18:03:54.617  INFO 17216 --- [http-nio-7073-exec-6] c.h.a.A.service.ManagerServiceImpl       : Entered in to getAllManagerDetails() method ManageServiceImpl
2021-01-23 18:07:09.837  INFO 17216 --- [http-nio-7073-exec-7] c.h.a.A.controller.ManagerController     : Entered into getAllManagerDetails() method of ManageController class
2021-01-23 18:07:09.837  INFO 17216 --- [http-nio-7073-exec-7] c.h.a.A.service.ManagerServiceImpl       : Entered in to getAllManagerDetails() method ManageServiceImpl
2021-01-23 18:07:10.407  INFO 17216 --- [http-nio-7073-exec-7] c.h.a.A.controller.ManagerController     : There is atleast one manager entity in the database
2021-01-23 18:07:10.407  INFO 17216 --- [http-nio-7073-exec-7] c.h.a.A.service.ManagerServiceImpl       : Entered in to getAllManagerDetails() method ManageServiceImpl
2021-01-23 18:08:24.392  INFO 17216 --- [http-nio-7073-exec-9] c.h.a.A.controller.ManagerController     : Entered into getAllManagerDetails() method of ManageController class
2021-01-23 18:08:24.393  INFO 17216 --- [http-nio-7073-exec-9] c.h.a.A.service.ManagerServiceImpl       : Entered in to getAllManagerDetails() method ManageServiceImpl
2021-01-23 18:08:25.036  INFO 17216 --- [http-nio-7073-exec-9] c.h.a.A.controller.ManagerController     : There is atleast one manager entity in the database
2021-01-23 18:08:25.036  INFO 17216 --- [http-nio-7073-exec-9] c.h.a.A.service.ManagerServiceImpl       : Entered in to getAllManagerDetails() method ManageServiceImpl
2021-01-23 18:09:34.480  INFO 17216 --- [http-nio-7073-exec-1] c.h.a.A.controller.ManagerController     : Entered into getAllManagerDetails() method of ManageController class
2021-01-23 18:09:34.481  INFO 17216 --- [http-nio-7073-exec-1] c.h.a.A.service.ManagerServiceImpl       : Entered in to getAllManagerDetails() method ManageServiceImpl
2021-01-23 18:09:35.165  INFO 17216 --- [http-nio-7073-exec-1] c.h.a.A.controller.ManagerController     : There is atleast one manager entity in the database
2021-01-23 18:09:35.165  INFO 17216 --- [http-nio-7073-exec-1] c.h.a.A.service.ManagerServiceImpl       : Entered in to getAllManagerDetails() method ManageServiceImpl
2021-01-23 18:32:13.593  INFO 17216 --- [http-nio-7073-exec-3] c.h.a.A.controller.ManagerController     : Entered in to validateManager() method of ManagerController class
2021-01-23 18:32:13.630  INFO 17216 --- [http-nio-7073-exec-3] c.h.a.A.service.ManagerServiceImpl       : Entered in to findManagerByContactNumber( ) method of ManagerServiceImpl class
2021-01-23 19:36:33.474  INFO 11072 --- [main] c.h.a.A.AirportManagerServiceApplication : Starting AirportManagerServiceApplication using Java 1.8.0_271 on DESKTOP-GV7K8NV with PID 11072 (C:\Users\Hi\Desktop\HCL\online_training_HCL\Mode2\SpringBootDemos\AirportManagerService\target\classes started by Hi in C:\Users\Hi\Desktop\HCL\online_training_HCL\Mode2\SpringBootDemos\AirportManagerService)
2021-01-23 19:36:33.599  INFO 11072 --- [main] c.h.a.A.AirportManagerServiceApplication : No active profile set, falling back to default profiles: default
2021-01-23 19:36:36.437  INFO 11072 --- [main] .s.d.r.c.RepositoryConfigurationDelegate : Bootstrapping Spring Data JPA repositories in DEFAULT mode.
2021-01-23 19:36:36.854  INFO 11072 --- [main] .s.d.r.c.RepositoryConfigurationDelegate : Finished Spring Data repository scanning in 391 ms. Found 1 JPA repository interfaces.
2021-01-23 19:36:41.630  INFO 11072 --- [main] o.s.b.w.embedded.tomcat.TomcatWebServer  : Tomcat initialized with port(s): 7073 (http)
2021-01-23 19:36:41.691  INFO 11072 --- [main] o.apache.catalina.core.StandardService   : Starting service [Tomcat]
2021-01-23 19:36:41.692  INFO 11072 --- [main] org.apache.catalina.core.StandardEngine  : Starting Servlet engine: [Apache Tomcat/9.0.41]
2021-01-23 19:36:41.695  INFO 11072 --- [main] o.a.catalina.core.AprLifecycleListener   : Loaded Apache Tomcat Native library [1.2.23] using APR version [1.7.0].
2021-01-23 19:36:41.696  INFO 11072 --- [main] o.a.catalina.core.AprLifecycleListener   : APR capabilities: IPv6 [true], sendfile [true], accept filters [false], random [true].
2021-01-23 19:36:41.698  INFO 11072 --- [main] o.a.catalina.core.AprLifecycleListener   : APR/OpenSSL configuration: useAprConnector [false], useOpenSSL [true]
2021-01-23 19:36:41.720  INFO 11072 --- [main] o.a.catalina.core.AprLifecycleListener   : OpenSSL successfully initialized [OpenSSL 1.1.1c  28 May 2019]
2021-01-23 19:36:42.080  INFO 11072 --- [main] o.a.c.c.C.[Tomcat].[localhost].[/]       : Initializing Spring embedded WebApplicationContext
2021-01-23 19:36:42.081  INFO 11072 --- [main] w.s.c.ServletWebServerApplicationContext : Root WebApplicationContext: initialization completed in 8311 ms
2021-01-23 19:36:46.328  INFO 11072 --- [main] o.hibernate.jpa.internal.util.LogHelper  : HHH000204: Processing PersistenceUnitInfo [name: default]
2021-01-23 19:36:46.804  INFO 11072 --- [main] org.hibernate.Version                    : HHH000412: Hibernate ORM core version 5.4.27.Final
2021-01-23 19:36:47.670  INFO 11072 --- [main] o.hibernate.annotations.common.Version   : HCANN000001: Hibernate Commons Annotations {5.1.2.Final}
2021-01-23 19:36:49.599  INFO 11072 --- [main] com.zaxxer.hikari.HikariDataSource       : HikariPool-1 - Starting...
2021-01-23 19:36:51.716  INFO 11072 --- [main] com.zaxxer.hikari.HikariDataSource       : HikariPool-1 - Start completed.
2021-01-23 19:36:51.765  INFO 11072 --- [main] org.hibernate.dialect.Dialect            : HHH000400: Using dialect: org.hibernate.dialect.MySQL5Dialect
2021-01-23 19:36:55.796  INFO 11072 --- [main] o.h.e.t.j.p.i.JtaPlatformInitiator       : HHH000490: Using JtaPlatform implementation: [org.hibernate.engine.transaction.jta.platform.internal.NoJtaPlatform]
2021-01-23 19:36:55.819  INFO 11072 --- [main] j.LocalContainerEntityManagerFactoryBean : Initialized JPA EntityManagerFactory for persistence unit 'default'
2021-01-23 19:37:01.273  WARN 11072 --- [main] JpaBaseConfiguration$JpaWebConfiguration : spring.jpa.open-in-view is enabled by default. Therefore, database queries may be performed during view rendering. Explicitly configure spring.jpa.open-in-view to disable this warning
2021-01-23 19:37:01.804  INFO 11072 --- [main] o.s.s.concurrent.ThreadPoolTaskExecutor  : Initializing ExecutorService 'applicationTaskExecutor'
2021-01-23 19:37:03.000  INFO 11072 --- [main] o.s.b.w.embedded.tomcat.TomcatWebServer  : Tomcat started on port(s): 7073 (http) with context path ''
2021-01-23 19:37:03.058  INFO 11072 --- [main] c.h.a.A.AirportManagerServiceApplication : Started AirportManagerServiceApplication in 32.005 seconds (JVM running for 33.415)
2021-01-23 19:41:27.115  INFO 11072 --- [http-nio-7073-exec-9] o.a.c.c.C.[Tomcat].[localhost].[/]       : Initializing Spring DispatcherServlet 'dispatcherServlet'
2021-01-23 19:41:27.116  INFO 11072 --- [http-nio-7073-exec-9] o.s.web.servlet.DispatcherServlet        : Initializing Servlet 'dispatcherServlet'
2021-01-23 19:41:27.118  INFO 11072 --- [http-nio-7073-exec-9] o.s.web.servlet.DispatcherServlet        : Completed initialization in 2 ms
2021-01-23 19:41:27.221  INFO 11072 --- [http-nio-7073-exec-9] c.h.a.A.controller.ManagerController     : Entered in to validateManager() method of ManagerController class
2021-01-23 19:41:27.882  INFO 11072 --- [http-nio-7073-exec-9] c.h.a.A.service.ManagerServiceImpl       : Entered in to findManagerByContactNumber( ) method of ManagerServiceImpl class
2021-01-23 19:54:54.949  INFO 11072 --- [http-nio-7073-exec-10] c.h.a.A.controller.ManagerController     : Entered into getAllManagerDetails() method of ManageController class
2021-01-23 19:54:54.950  INFO 11072 --- [http-nio-7073-exec-10] c.h.a.A.service.ManagerServiceImpl       : Entered in to getAllManagerDetails() method ManageServiceImpl
2021-01-23 19:54:54.990  INFO 11072 --- [http-nio-7073-exec-10] c.h.a.A.controller.ManagerController     : There is atleast one manager entity in the database
2021-01-23 19:54:54.990  INFO 11072 --- [http-nio-7073-exec-10] c.h.a.A.service.ManagerServiceImpl       : Entered in to getAllManagerDetails() method ManageServiceImpl
2021-01-23 19:56:46.635  INFO 11072 --- [http-nio-7073-exec-6] c.h.a.A.controller.ManagerController     : Entered in to validateManager() method of ManagerController class
2021-01-23 19:56:46.640  INFO 11072 --- [http-nio-7073-exec-6] c.h.a.A.service.ManagerServiceImpl       : Entered in to findManagerByContactNumber( ) method of ManagerServiceImpl class
2021-01-23 20:22:12.845  INFO 11072 --- [http-nio-7073-exec-4] c.h.a.A.controller.ManagerController     : Entered in to validateManager() method of ManagerController class
2021-01-23 20:22:12.865  INFO 11072 --- [http-nio-7073-exec-4] c.h.a.A.service.ManagerServiceImpl       : Entered in to findManagerByContactNumber( ) method of ManagerServiceImpl class
2021-01-23 20:23:25.381  INFO 11072 --- [http-nio-7073-exec-3] c.h.a.A.controller.ManagerController     : Entered in to validateManager() method of ManagerController class
2021-01-23 20:23:25.384  INFO 11072 --- [http-nio-7073-exec-3] c.h.a.A.service.ManagerServiceImpl       : Entered in to findManagerByContactNumber( ) method of ManagerServiceImpl class
2021-01-23 20:28:40.694  INFO 11072 --- [http-nio-7073-exec-2] c.h.a.A.controller.ManagerController     : Entered in to validateManager() method of ManagerController class
2021-01-23 20:28:40.749  INFO 11072 --- [http-nio-7073-exec-2] c.h.a.A.service.ManagerServiceImpl       : Entered in to findManagerByContactNumber( ) method of ManagerServiceImpl class
2021-01-23 20:32:37.708  INFO 11072 --- [http-nio-7073-exec-1] c.h.a.A.controller.ManagerController     : Entered into getAllManagerDetails() method of ManageController class
2021-01-23 20:32:37.709  INFO 11072 --- [http-nio-7073-exec-1] c.h.a.A.service.ManagerServiceImpl       : Entered in to getAllManagerDetails() method ManageServiceImpl
2021-01-23 20:32:37.738  INFO 11072 --- [http-nio-7073-exec-1] c.h.a.A.controller.ManagerController     : There is atleast one manager entity in the database
2021-01-23 20:32:37.738  INFO 11072 --- [http-nio-7073-exec-1] c.h.a.A.service.ManagerServiceImpl       : Entered in to getAllManagerDetails() method ManageServiceImpl
