2021-01-23 10:27:37.087  INFO 11444 --- [main] c.h.a.A.AirportAdminServiceApplication   : Starting AirportAdminServiceApplication using Java 1.8.0_271 on DESKTOP-GV7K8NV with PID 11444 (C:\Users\Hi\Desktop\HCL\online_training_HCL\Mode2\SpringBootDemos\AirportAdminService\target\classes started by Hi in C:\Users\Hi\Desktop\HCL\online_training_HCL\Mode2\SpringBootDemos\AirportAdminService)
2021-01-23 10:27:37.098  INFO 11444 --- [main] c.h.a.A.AirportAdminServiceApplication   : No active profile set, falling back to default profiles: default
2021-01-23 10:27:40.260  INFO 11444 --- [main] .s.d.r.c.RepositoryConfigurationDelegate : Bootstrapping Spring Data JPA repositories in DEFAULT mode.
2021-01-23 10:27:40.858  INFO 11444 --- [main] .s.d.r.c.RepositoryConfigurationDelegate : Finished Spring Data repository scanning in 431 ms. Found 1 JPA repository interfaces.
2021-01-23 10:27:42.180  INFO 11444 --- [main] o.s.b.w.embedded.tomcat.TomcatWebServer  : Tomcat initialized with port(s): 7074 (http)
2021-01-23 10:27:42.198  INFO 11444 --- [main] o.apache.catalina.core.StandardService   : Starting service [Tomcat]
2021-01-23 10:27:42.198  INFO 11444 --- [main] org.apache.catalina.core.StandardEngine  : Starting Servlet engine: [Apache Tomcat/9.0.41]
2021-01-23 10:27:42.201  INFO 11444 --- [main] o.a.catalina.core.AprLifecycleListener   : Loaded Apache Tomcat Native library [1.2.23] using APR version [1.7.0].
2021-01-23 10:27:42.201  INFO 11444 --- [main] o.a.catalina.core.AprLifecycleListener   : APR capabilities: IPv6 [true], sendfile [true], accept filters [false], random [true].
2021-01-23 10:27:42.202  INFO 11444 --- [main] o.a.catalina.core.AprLifecycleListener   : APR/OpenSSL configuration: useAprConnector [false], useOpenSSL [true]
2021-01-23 10:27:42.207  INFO 11444 --- [main] o.a.catalina.core.AprLifecycleListener   : OpenSSL successfully initialized [OpenSSL 1.1.1c  28 May 2019]
2021-01-23 10:27:42.387  INFO 11444 --- [main] o.a.c.c.C.[Tomcat].[localhost].[/]       : Initializing Spring embedded WebApplicationContext
2021-01-23 10:27:42.388  INFO 11444 --- [main] w.s.c.ServletWebServerApplicationContext : Root WebApplicationContext: initialization completed in 5164 ms
2021-01-23 10:27:43.000  INFO 11444 --- [main] o.hibernate.jpa.internal.util.LogHelper  : HHH000204: Processing PersistenceUnitInfo [name: default]
2021-01-23 10:27:43.159  INFO 11444 --- [main] org.hibernate.Version                    : HHH000412: Hibernate ORM core version 5.4.27.Final
2021-01-23 10:27:43.469  INFO 11444 --- [main] o.hibernate.annotations.common.Version   : HCANN000001: Hibernate Commons Annotations {5.1.2.Final}
2021-01-23 10:27:43.900  INFO 11444 --- [main] com.zaxxer.hikari.HikariDataSource       : HikariPool-1 - Starting...
2021-01-23 10:27:44.611  INFO 11444 --- [main] com.zaxxer.hikari.HikariDataSource       : HikariPool-1 - Start completed.
2021-01-23 10:27:44.657  INFO 11444 --- [main] org.hibernate.dialect.Dialect            : HHH000400: Using dialect: org.hibernate.dialect.MySQL5Dialect
2021-01-23 10:27:46.715  INFO 11444 --- [main] o.h.e.t.j.p.i.JtaPlatformInitiator       : HHH000490: Using JtaPlatform implementation: [org.hibernate.engine.transaction.jta.platform.internal.NoJtaPlatform]
2021-01-23 10:27:46.736  INFO 11444 --- [main] j.LocalContainerEntityManagerFactoryBean : Initialized JPA EntityManagerFactory for persistence unit 'default'
2021-01-23 10:27:47.484  WARN 11444 --- [main] JpaBaseConfiguration$JpaWebConfiguration : spring.jpa.open-in-view is enabled by default. Therefore, database queries may be performed during view rendering. Explicitly configure spring.jpa.open-in-view to disable this warning
2021-01-23 10:27:47.733  INFO 11444 --- [main] o.s.s.concurrent.ThreadPoolTaskExecutor  : Initializing ExecutorService 'applicationTaskExecutor'
2021-01-23 10:27:48.220  INFO 11444 --- [main] o.s.b.w.embedded.tomcat.TomcatWebServer  : Tomcat started on port(s): 7074 (http) with context path ''
2021-01-23 10:27:48.233  INFO 11444 --- [main] c.h.a.A.AirportAdminServiceApplication   : Started AirportAdminServiceApplication in 11.896 seconds (JVM running for 12.546)
2021-01-23 10:30:03.181  INFO 11444 --- [http-nio-7074-exec-1] o.a.c.c.C.[Tomcat].[localhost].[/]       : Initializing Spring DispatcherServlet 'dispatcherServlet'
2021-01-23 10:30:03.183  INFO 11444 --- [http-nio-7074-exec-1] o.s.web.servlet.DispatcherServlet        : Initializing Servlet 'dispatcherServlet'
2021-01-23 10:30:03.188  INFO 11444 --- [http-nio-7074-exec-1] o.s.web.servlet.DispatcherServlet        : Completed initialization in 4 ms
2021-01-23 10:30:03.530  INFO 11444 --- [http-nio-7074-exec-1] c.h.a.A.controller.AdminController       : Entered in to validateAdmin method of AdminController class
2021-01-23 10:30:03.531  INFO 11444 --- [http-nio-7074-exec-1] c.h.a.A.service.AdminServiceImpl         : Entered in to getAdminCredetials() method of AdminServiceImpl class
2021-01-23 10:39:58.847  INFO 11444 --- [http-nio-7074-exec-2] c.h.a.A.controller.AdminController       : Entered in to validateAdmin method of AdminController class
2021-01-23 10:39:58.847  INFO 11444 --- [http-nio-7074-exec-2] c.h.a.A.service.AdminServiceImpl         : Entered in to getAdminCredetials() method of AdminServiceImpl class
2021-01-23 10:49:01.949  INFO 11444 --- [http-nio-7074-exec-3] c.h.a.A.controller.AdminController       : Entered in to validateAdmin method of AdminController class
2021-01-23 10:49:01.950  INFO 11444 --- [http-nio-7074-exec-3] c.h.a.A.service.AdminServiceImpl         : Entered in to getAdminCredetials() method of AdminServiceImpl class
2021-01-23 12:22:34.310  INFO 11444 --- [http-nio-7074-exec-4] c.h.a.A.controller.AdminController       : Entered in to validateAdmin method of AdminController class
2021-01-23 12:22:34.620  INFO 11444 --- [http-nio-7074-exec-4] c.h.a.A.service.AdminServiceImpl         : Entered in to getAdminCredetials() method of AdminServiceImpl class
2021-01-23 12:22:35.804  INFO 11444 --- [http-nio-7074-exec-5] c.h.a.A.controller.AdminController       : Entered in to validateAdmin method of AdminController class
2021-01-23 12:22:35.805  INFO 11444 --- [http-nio-7074-exec-5] c.h.a.A.service.AdminServiceImpl         : Entered in to getAdminCredetials() method of AdminServiceImpl class
2021-01-23 15:05:11.518  INFO 11444 --- [http-nio-7074-exec-6] c.h.a.A.controller.AdminController       : Entered in to validateAdmin method of AdminController class
2021-01-23 15:05:11.691  INFO 11444 --- [http-nio-7074-exec-6] c.h.a.A.service.AdminServiceImpl         : Entered in to getAdminCredetials() method of AdminServiceImpl class
2021-01-23 16:30:19.725  INFO 11444 --- [http-nio-7074-exec-7] c.h.a.A.controller.AdminController       : Entered in to validateAdmin method of AdminController class
2021-01-23 16:30:19.837  INFO 11444 --- [http-nio-7074-exec-7] c.h.a.A.service.AdminServiceImpl         : Entered in to getAdminCredetials() method of AdminServiceImpl class
2021-01-23 16:30:19.954  INFO 11444 --- [http-nio-7074-exec-8] c.h.a.A.controller.AdminController       : Entered in to validateAdmin method of AdminController class
2021-01-23 16:30:19.954  INFO 11444 --- [http-nio-7074-exec-8] c.h.a.A.service.AdminServiceImpl         : Entered in to getAdminCredetials() method of AdminServiceImpl class
2021-01-23 17:07:00.920  INFO 11444 --- [http-nio-7074-exec-9] c.h.a.A.controller.AdminController       : Entered in to validateAdmin method of AdminController class
2021-01-23 17:07:01.108  INFO 11444 --- [http-nio-7074-exec-9] c.h.a.A.service.AdminServiceImpl         : Entered in to getAdminCredetials() method of AdminServiceImpl class
2021-01-23 17:07:01.452  INFO 11444 --- [http-nio-7074-exec-10] c.h.a.A.controller.AdminController       : Entered in to validateAdmin method of AdminController class
2021-01-23 17:07:01.453  INFO 11444 --- [http-nio-7074-exec-10] c.h.a.A.service.AdminServiceImpl         : Entered in to getAdminCredetials() method of AdminServiceImpl class
2021-01-23 17:40:57.075  INFO 11444 --- [http-nio-7074-exec-1] c.h.a.A.controller.AdminController       : Entered in to validateAdmin method of AdminController class
2021-01-23 17:40:57.080  INFO 11444 --- [http-nio-7074-exec-1] c.h.a.A.service.AdminServiceImpl         : Entered in to getAdminCredetials() method of AdminServiceImpl class
2021-01-23 17:50:14.338  INFO 11444 --- [http-nio-7074-exec-2] c.h.a.A.controller.AdminController       : Entered in to validateAdmin method of AdminController class
2021-01-23 17:50:14.350  INFO 11444 --- [http-nio-7074-exec-2] c.h.a.A.service.AdminServiceImpl         : Entered in to getAdminCredetials() method of AdminServiceImpl class
2021-01-23 17:55:14.591  INFO 11444 --- [http-nio-7074-exec-3] c.h.a.A.controller.AdminController       : Entered in to validateAdmin method of AdminController class
2021-01-23 17:55:14.650  INFO 11444 --- [http-nio-7074-exec-3] c.h.a.A.service.AdminServiceImpl         : Entered in to getAdminCredetials() method of AdminServiceImpl class
2021-01-23 18:03:50.644  INFO 11444 --- [http-nio-7074-exec-4] c.h.a.A.controller.AdminController       : Entered in to validateAdmin method of AdminController class
2021-01-23 18:03:50.654  INFO 11444 --- [http-nio-7074-exec-4] c.h.a.A.service.AdminServiceImpl         : Entered in to getAdminCredetials() method of AdminServiceImpl class
2021-01-23 19:35:48.338  INFO 8056 --- [main] c.h.a.A.AirportAdminServiceApplication   : Starting AirportAdminServiceApplication using Java 1.8.0_271 on DESKTOP-GV7K8NV with PID 8056 (C:\Users\Hi\Desktop\HCL\online_training_HCL\Mode2\SpringBootDemos\AirportAdminService\target\classes started by Hi in C:\Users\Hi\Desktop\HCL\online_training_HCL\Mode2\SpringBootDemos\AirportAdminService)
2021-01-23 19:35:48.390  INFO 8056 --- [main] c.h.a.A.AirportAdminServiceApplication   : No active profile set, falling back to default profiles: default
2021-01-23 19:35:50.776  INFO 8056 --- [main] .s.d.r.c.RepositoryConfigurationDelegate : Bootstrapping Spring Data JPA repositories in DEFAULT mode.
2021-01-23 19:35:50.977  INFO 8056 --- [main] .s.d.r.c.RepositoryConfigurationDelegate : Finished Spring Data repository scanning in 183 ms. Found 1 JPA repository interfaces.
2021-01-23 19:35:54.389  INFO 8056 --- [main] o.s.b.w.embedded.tomcat.TomcatWebServer  : Tomcat initialized with port(s): 7074 (http)
2021-01-23 19:35:54.519  INFO 8056 --- [main] o.apache.catalina.core.StandardService   : Starting service [Tomcat]
2021-01-23 19:35:54.521  INFO 8056 --- [main] org.apache.catalina.core.StandardEngine  : Starting Servlet engine: [Apache Tomcat/9.0.41]
2021-01-23 19:35:54.530  INFO 8056 --- [main] o.a.catalina.core.AprLifecycleListener   : Loaded Apache Tomcat Native library [1.2.23] using APR version [1.7.0].
2021-01-23 19:35:54.531  INFO 8056 --- [main] o.a.catalina.core.AprLifecycleListener   : APR capabilities: IPv6 [true], sendfile [true], accept filters [false], random [true].
2021-01-23 19:35:54.532  INFO 8056 --- [main] o.a.catalina.core.AprLifecycleListener   : APR/OpenSSL configuration: useAprConnector [false], useOpenSSL [true]
2021-01-23 19:35:54.623  INFO 8056 --- [main] o.a.catalina.core.AprLifecycleListener   : OpenSSL successfully initialized [OpenSSL 1.1.1c  28 May 2019]
2021-01-23 19:35:55.600  INFO 8056 --- [main] o.a.c.c.C.[Tomcat].[localhost].[/]       : Initializing Spring embedded WebApplicationContext
2021-01-23 19:35:55.601  INFO 8056 --- [main] w.s.c.ServletWebServerApplicationContext : Root WebApplicationContext: initialization completed in 7025 ms
2021-01-23 19:35:56.891  INFO 8056 --- [main] o.hibernate.jpa.internal.util.LogHelper  : HHH000204: Processing PersistenceUnitInfo [name: default]
2021-01-23 19:35:57.294  INFO 8056 --- [main] org.hibernate.Version                    : HHH000412: Hibernate ORM core version 5.4.27.Final
2021-01-23 19:35:58.208  INFO 8056 --- [main] o.hibernate.annotations.common.Version   : HCANN000001: Hibernate Commons Annotations {5.1.2.Final}
2021-01-23 19:35:59.163  INFO 8056 --- [main] com.zaxxer.hikari.HikariDataSource       : HikariPool-1 - Starting...
2021-01-23 19:36:00.823  INFO 8056 --- [main] com.zaxxer.hikari.HikariDataSource       : HikariPool-1 - Start completed.
2021-01-23 19:36:00.919  INFO 8056 --- [main] org.hibernate.dialect.Dialect            : HHH000400: Using dialect: org.hibernate.dialect.MySQL5Dialect
2021-01-23 19:36:04.373  INFO 8056 --- [main] o.h.e.t.j.p.i.JtaPlatformInitiator       : HHH000490: Using JtaPlatform implementation: [org.hibernate.engine.transaction.jta.platform.internal.NoJtaPlatform]
2021-01-23 19:36:04.414  INFO 8056 --- [main] j.LocalContainerEntityManagerFactoryBean : Initialized JPA EntityManagerFactory for persistence unit 'default'
2021-01-23 19:36:07.903  WARN 8056 --- [main] JpaBaseConfiguration$JpaWebConfiguration : spring.jpa.open-in-view is enabled by default. Therefore, database queries may be performed during view rendering. Explicitly configure spring.jpa.open-in-view to disable this warning
2021-01-23 19:36:08.390  INFO 8056 --- [main] o.s.s.concurrent.ThreadPoolTaskExecutor  : Initializing ExecutorService 'applicationTaskExecutor'
2021-01-23 19:36:09.873  INFO 8056 --- [main] o.s.b.w.embedded.tomcat.TomcatWebServer  : Tomcat started on port(s): 7074 (http) with context path ''
2021-01-23 19:36:09.890  INFO 8056 --- [main] c.h.a.A.AirportAdminServiceApplication   : Started AirportAdminServiceApplication in 23.283 seconds (JVM running for 24.914)
2021-01-23 19:54:50.802  INFO 8056 --- [http-nio-7074-exec-1] o.a.c.c.C.[Tomcat].[localhost].[/]       : Initializing Spring DispatcherServlet 'dispatcherServlet'
2021-01-23 19:54:50.803  INFO 8056 --- [http-nio-7074-exec-1] o.s.web.servlet.DispatcherServlet        : Initializing Servlet 'dispatcherServlet'
2021-01-23 19:54:50.833  INFO 8056 --- [http-nio-7074-exec-1] o.s.web.servlet.DispatcherServlet        : Completed initialization in 30 ms
2021-01-23 19:54:51.078  INFO 8056 --- [http-nio-7074-exec-1] c.h.a.A.controller.AdminController       : Entered in to validateAdmin method of AdminController class
2021-01-23 19:54:51.079  INFO 8056 --- [http-nio-7074-exec-1] c.h.a.A.service.AdminServiceImpl         : Entered in to getAdminCredetials() method of AdminServiceImpl class
2021-01-23 20:22:21.847  INFO 8056 --- [http-nio-7074-exec-2] c.h.a.A.controller.AdminController       : Entered in to validateAdmin method of AdminController class
2021-01-23 20:22:21.848  INFO 8056 --- [http-nio-7074-exec-2] c.h.a.A.service.AdminServiceImpl         : Entered in to getAdminCredetials() method of AdminServiceImpl class
2021-01-23 20:32:34.046  INFO 8056 --- [http-nio-7074-exec-3] c.h.a.A.controller.AdminController       : Entered in to validateAdmin method of AdminController class
2021-01-23 20:32:34.047  INFO 8056 --- [http-nio-7074-exec-3] c.h.a.A.service.AdminServiceImpl         : Entered in to getAdminCredetials() method of AdminServiceImpl class
